--- Startup times for process: Primary (or UI client) ---

times in msec
 clock   self+sourced   self:  sourced script
 clock   elapsed:              other lines

000.001  000.001: --- NVIM STARTING ---
000.111  000.110: event init
000.172  000.062: early init
000.206  000.033: locale set
000.239  000.033: init first window
000.488  000.249: inits 1
000.494  000.007: window checked
000.544  000.050: parsing arguments
000.902  000.036  000.036: require('vim._core.shared')
000.959  000.002  000.002: require('string.buffer')
000.978  000.039  000.037: require('vim.inspect')
001.023  000.039  000.039: require('vim._core.options')
001.024  000.120  000.043: require('vim._core.editor')
001.049  000.024  000.024: require('vim._core.system')
001.050  000.195  000.014: require('vim._init_packages')
001.050  000.311: init lua interpreter
001.924  000.874: nvim_ui_attach
002.162  000.238: nvim_set_client_info
002.163  000.001: --- NVIM STARTED ---

--- Startup times for process: Embedded ---

times in msec
 clock   self+sourced   self:  sourced script
 clock   elapsed:              other lines

000.000  000.000: --- NVIM STARTING ---
000.110  000.110: event init
000.175  000.065: early init
000.210  000.036: locale set
000.241  000.031: init first window
000.468  000.227: inits 1
000.480  000.012: window checked
000.530  000.050: parsing arguments
000.879  000.035  000.035: require('vim._core.shared')
000.930  000.002  000.002: require('string.buffer')
000.952  000.037  000.035: require('vim.inspect')
000.995  000.038  000.038: require('vim._core.options')
000.997  000.116  000.041: require('vim._core.editor')
001.023  000.025  000.025: require('vim._core.system')
001.023  000.193  000.016: require('vim._init_packages')
001.025  000.301: init lua interpreter
001.072  000.048: expanding arguments
001.086  000.014: inits 2
001.249  000.163: init highlight
001.250  000.000: waiting for UI
001.377  000.127: done waiting for UI
001.381  000.005: clear screen
001.476  000.006  000.006: require('vim.keymap')
001.973  000.097  000.097: sourcing nvim_exec2()
001.989  000.004  000.004: require('vim._core.log')
002.450  001.068  000.961: require('vim._core.defaults')
002.452  000.003: init default mappings & autocommands
002.713  000.027  000.027: sourcing /usr/share/nvim/runtime/ftplugin.vim
002.763  000.023  000.023: sourcing /usr/share/nvim/runtime/indent.vim
002.825  000.033  000.033: sourcing /usr/share/nvim/archlinux.lua
002.827  000.049  000.016: sourcing /etc/xdg/nvim/sysinit.vim
004.653  000.674  000.674: require('vim.lsp.protocol')
004.716  000.050  000.050: require('vim.fs')
004.736  000.837  000.113: require('vim.lsp.log')
005.747  000.010  000.010: require('vim._core.util')
005.756  001.018  001.008: require('vim.lsp.util')
005.991  000.097  000.097: require('vim.lsp.sync')
005.993  000.236  000.140: require('vim.lsp._changetracking')
006.256  000.072  000.072: require('vim.lsp._transport')
006.262  000.005  000.005: require('vim._core.stringbuffer')
006.295  000.301  000.224: require('vim.lsp.rpc')
006.315  002.925  000.533: require('vim.lsp')
006.515  000.063  000.063: require('vim.lsp._capability')
006.518  000.202  000.139: require('vim.lsp._folding_range')
006.526  000.005  000.005: require('vim.F')
006.552  000.010  000.010: sourcing nvim_exec2() called at /home/rizki/.dotfiles/nvim/.config/nvim/init.lua:0
006.564  000.010  000.010: sourcing nvim_exec2() called at /home/rizki/.dotfiles/nvim/.config/nvim/init.lua:0
006.568  000.003  000.003: sourcing nvim_exec2() called at /home/rizki/.dotfiles/nvim/.config/nvim/init.lua:0
006.576  000.007  000.007: sourcing nvim_exec2() called at /home/rizki/.dotfiles/nvim/.config/nvim/init.lua:0
006.583  000.006  000.006: sourcing nvim_exec2() called at /home/rizki/.dotfiles/nvim/.config/nvim/init.lua:0
006.585  000.001  000.001: sourcing nvim_exec2() called at /home/rizki/.dotfiles/nvim/.config/nvim/init.lua:0
006.602  000.014  000.014: sourcing nvim_exec2() called at /home/rizki/.dotfiles/nvim/.config/nvim/init.lua:0
006.642  000.028  000.028: sourcing nvim_exec2() called at /home/rizki/.dotfiles/nvim/.config/nvim/init.lua:0
006.647  003.716  000.505: require('user.settings.options')
006.752  000.065  000.065: sourcing nvim_exec2() called at /home/rizki/.dotfiles/nvim/.config/nvim/init.lua:0
006.762  000.114  000.049: require('user.settings.augroup')
006.867  000.003  000.003: sourcing nvim_exec2() called at /home/rizki/.dotfiles/nvim/.config/nvim/init.lua:0
006.877  000.007  000.007: sourcing nvim_exec2() called at /home/rizki/.dotfiles/nvim/.config/nvim/init.lua:0
007.074  000.310  000.300: require('user.settings.keymaps')
007.107  000.031  000.031: require('user.settings.gui')
007.585  000.345  000.345: require('lazy')
007.678  000.078  000.078: require('user.plugins.flash')
007.723  000.014  000.014: require('ffi')
007.829  000.069  000.069: require('vim.uri')
007.838  000.111  000.042: require('vim.loader')
007.944  000.093  000.093: require('lazy.stats')
008.203  000.226  000.226: require('lazy.core.util')
008.265  000.060  000.060: require('lazy.core.config')
008.455  000.076  000.076: require('lazy.core.handler')
008.607  000.039  000.039: require('lazy.pkg')
008.610  000.094  000.055: require('lazy.core.meta')
008.615  000.159  000.065: require('lazy.core.plugin')
008.622  000.356  000.120: require('lazy.core.loader')
008.922  000.051  000.051: require('lazy.core.fragments')
010.337  000.118  000.118: require('lazy.core.handler.event')
010.443  000.099  000.099: require('lazy.core.handler.ft')
010.506  000.062  000.062: require('lazy.core.handler.keys')
010.551  000.043  000.043: require('lazy.core.handler.cmd')
010.721  000.004  000.004: sourcing nvim_exec2() called at /home/rizki/.dotfiles/nvim/.config/nvim/init.lua:0
010.730  000.001  000.001: sourcing nvim_exec2() called at /home/rizki/.dotfiles/nvim/.config/nvim/init.lua:0
011.385  000.098  000.098: sourcing nvim_exec2() called at /usr/share/nvim/runtime/filetype.lua:0
011.388  000.195  000.097: sourcing /usr/share/nvim/runtime/filetype.lua
011.390  000.216  000.022: sourcing nvim_exec2() called at /home/rizki/.dotfiles/nvim/.config/nvim/init.lua:0
011.484  000.001  000.001: sourcing nvim_exec2() called at /home/rizki/.dotfiles/nvim/.config/nvim/init.lua:0
011.488  000.001  000.001: sourcing nvim_exec2() called at /home/rizki/.dotfiles/nvim/.config/nvim/init.lua:0
011.812  000.043  000.043: require('tokyonight.config')
011.815  000.208  000.165: require('tokyonight')
011.866  000.002  000.002: sourcing nvim_exec2() called at /home/rizki/.dotfiles/nvim/.config/nvim/init.lua:0
011.871  000.001  000.001: sourcing nvim_exec2() called at /home/rizki/.dotfiles/nvim/.config/nvim/init.lua:0
012.262  000.070  000.070: require('luarocks-nvim.utils')
012.291  000.152  000.082: require('luarocks-nvim.paths')
012.344  000.020  000.020: require('luarocks-nvim.notify')
012.345  000.053  000.032: require('luarocks-nvim.rocks')
012.378  000.032  000.032: require('luarocks-nvim.build')
012.380  000.480  000.243: require('luarocks-nvim')
014.550  001.002  001.002: require('compat53.module')
015.101  000.160  000.160: require('luarocks.core.dir')
015.350  000.247  000.247: require('luarocks.core.util')
015.893  000.409  000.409: require('luarocks.vendor.dkjson')
015.897  000.545  000.136: require('luarocks.core.persist')
016.173  000.275  000.275: require('luarocks.core.sysdetect')
016.345  000.170  000.170: require('luarocks.core.vers')
016.350  001.797  000.400: require('luarocks.core.cfg')
016.560  000.103  000.103: require('compat53.file_mt')
020.315  000.214  000.214: require('luarocks.core.path')
020.435  000.117  000.117: require('luarocks.core.manif')
020.468  008.067  004.834: require('luarocks.loader')
055.620  000.008  000.008: sourcing nvim_exec2() called at /home/rizki/.dotfiles/nvim/.config/nvim/init.lua:0
055.635  000.001  000.001: sourcing nvim_exec2() called at /home/rizki/.dotfiles/nvim/.config/nvim/init.lua:0
056.600  000.956  000.956: require('catppuccin')
056.917  000.168  000.168: require('catppuccin.lib.hashing')
058.790  001.418  001.418: sourcing /home/rizki/.local/share/nvim/lazy/catppuccin/colors/catppuccin-macchiato.lua
059.000  000.017  000.017: sourcing /home/rizki/.local/share/nvim/lazy/plenary.nvim/plugin/plenary.vim
059.003  000.041  000.025: sourcing nvim_exec2() called at /home/rizki/.dotfiles/nvim/.config/nvim/init.lua:0
059.007  000.001  000.001: sourcing nvim_exec2() called at /home/rizki/.dotfiles/nvim/.config/nvim/init.lua:0
059.014  000.001  000.001: sourcing nvim_exec2() called at /home/rizki/.dotfiles/nvim/.config/nvim/init.lua:0
059.023  000.001  000.001: sourcing nvim_exec2() called at /home/rizki/.dotfiles/nvim/.config/nvim/init.lua:0
059.028  000.000  000.000: sourcing nvim_exec2() called at /home/rizki/.dotfiles/nvim/.config/nvim/init.lua:0
059.225  000.045  000.045: sourcing /home/rizki/.local/share/nvim/lazy/cellular-automaton.nvim/plugin/cellular-automaton.lua
059.228  000.063  000.019: sourcing nvim_exec2() called at /home/rizki/.dotfiles/nvim/.config/nvim/init.lua:0
059.231  000.001  000.001: sourcing nvim_exec2() called at /home/rizki/.dotfiles/nvim/.config/nvim/init.lua:0
059.261  000.001  000.001: sourcing nvim_exec2() called at /home/rizki/.dotfiles/nvim/.config/nvim/init.lua:0
060.752  000.214  000.214: require('nvim-ts-autotag._log')
060.826  000.072  000.072: require('nvim-ts-autotag.config.init')
061.612  000.100  000.100: require('vim.treesitter.language')
061.676  000.062  000.062: require('vim.func')
061.751  000.074  000.074: require('vim.treesitter._range')
061.808  000.055  000.055: require('vim.func._memoize')
061.825  000.418  000.128: require('vim.treesitter.query')
061.833  000.546  000.128: require('vim.treesitter.languagetree')
061.837  000.657  000.111: require('vim.treesitter')
061.839  000.772  000.115: require('nvim-ts-autotag.utils')
061.841  000.866  000.094: require('nvim-ts-autotag.config.ft')
061.843  001.016  000.150: require('nvim-ts-autotag.config.plugin')
061.846  001.618  000.317: require('nvim-ts-autotag.internal')
061.847  002.001  000.383: require('nvim-ts-autotag')
061.940  000.092  000.092: require('nvim-treesitter')
061.941  002.156  000.063: sourcing /home/rizki/.local/share/nvim/lazy/nvim-ts-autotag/plugin/nvim-ts-autotag.lua
061.944  002.179  000.023: sourcing nvim_exec2() called at /home/rizki/.dotfiles/nvim/.config/nvim/init.lua:0
061.949  000.002  000.002: sourcing nvim_exec2() called at /home/rizki/.dotfiles/nvim/.config/nvim/init.lua:0
061.956  000.001  000.001: sourcing nvim_exec2() called at /home/rizki/.dotfiles/nvim/.config/nvim/init.lua:0
062.244  000.078  000.078: sourcing /usr/share/nvim/runtime/plugin/matchparen.vim
062.404  000.113  000.113: sourcing /home/rizki/.local/share/nvim/lazy/vim-matchup/autoload/matchup.vim
062.471  000.038  000.038: sourcing /home/rizki/.local/share/nvim/lazy/vim-matchup/autoload/matchup/perf.vim
062.912  000.092  000.092: require('treesitter-matchup.third-party.lru')
062.971  000.057  000.057: require('treesitter-matchup.util')
062.976  000.315  000.166: require('treesitter-matchup.internal')
063.120  000.491  000.176: sourcing /home/rizki/.local/share/nvim/lazy/vim-matchup/autoload/matchup/loader.vim
063.439  000.252  000.252: sourcing /home/rizki/.local/share/nvim/lazy/vim-matchup/autoload/matchup/matchparen.vim
063.866  001.858  000.886: sourcing /home/rizki/.local/share/nvim/lazy/vim-matchup/plugin/matchup.vim
063.869  001.877  000.019: sourcing nvim_exec2() called at /home/rizki/.dotfiles/nvim/.config/nvim/init.lua:0
063.874  000.001  000.001: sourcing nvim_exec2() called at /home/rizki/.dotfiles/nvim/.config/nvim/init.lua:0
063.882  000.001  000.001: sourcing nvim_exec2() called at /home/rizki/.dotfiles/nvim/.config/nvim/init.lua:0
064.292  000.063  000.063: require('Comment.config')
064.443  000.073  000.073: require('Comment.ft')
064.446  000.151  000.078: require('Comment.utils')
064.532  000.086  000.086: require('Comment.opfunc')
064.594  000.060  000.060: require('Comment.extra')
064.596  000.580  000.221: require('Comment.api')
064.629  000.639  000.059: sourcing /home/rizki/.local/share/nvim/lazy/comment.nvim/plugin/Comment.lua
064.631  000.665  000.026: sourcing nvim_exec2() called at /home/rizki/.dotfiles/nvim/.config/nvim/init.lua:0
064.636  000.002  000.002: sourcing nvim_exec2() called at /home/rizki/.dotfiles/nvim/.config/nvim/init.lua:0
064.644  000.001  000.001: sourcing nvim_exec2() called at /home/rizki/.dotfiles/nvim/.config/nvim/init.lua:0
064.790  000.084  000.084: require('Comment')
064.933  000.287  000.202: require('user.plugins.comment')
065.117  000.115  000.115: sourcing /home/rizki/.local/share/nvim/lazy/nvim-treesitter/plugin/filetypes.lua
065.121  000.136  000.021: sourcing nvim_exec2() called at /home/rizki/.dotfiles/nvim/.config/nvim/init.lua:0
065.172  000.029  000.029: sourcing /home/rizki/.local/share/nvim/lazy/nvim-treesitter/plugin/nvim-treesitter.lua
065.174  000.049  000.020: sourcing nvim_exec2() called at /home/rizki/.dotfiles/nvim/.config/nvim/init.lua:0
065.209  000.016  000.016: sourcing /home/rizki/.local/share/nvim/lazy/nvim-treesitter/plugin/query_predicates.lua
065.211  000.034  000.018: sourcing nvim_exec2() called at /home/rizki/.dotfiles/nvim/.config/nvim/init.lua:0
065.214  000.001  000.001: sourcing nvim_exec2() called at /home/rizki/.dotfiles/nvim/.config/nvim/init.lua:0
065.219  000.001  000.001: sourcing nvim_exec2() called at /home/rizki/.dotfiles/nvim/.config/nvim/init.lua:0
065.354  000.063  000.063: require('nvim-treesitter.config')
065.894  000.673  000.610: require('user.plugins.treesitter')
065.906  000.002  000.002: sourcing nvim_exec2() called at /home/rizki/.dotfiles/nvim/.config/nvim/init.lua:0
065.911  000.001  000.001: sourcing nvim_exec2() called at /home/rizki/.dotfiles/nvim/.config/nvim/init.lua:0
065.992  000.027  000.027: sourcing /home/rizki/.local/share/nvim/lazy/nvim-ts-context-commentstring/plugin/ts_context_commentstring.lua
065.994  000.046  000.020: sourcing nvim_exec2() called at /home/rizki/.dotfiles/nvim/.config/nvim/init.lua:0
065.997  000.001  000.001: sourcing nvim_exec2() called at /home/rizki/.dotfiles/nvim/.config/nvim/init.lua:0
066.002  000.001  000.001: sourcing nvim_exec2() called at /home/rizki/.dotfiles/nvim/.config/nvim/init.lua:0
066.215  000.207  000.207: require('ts_context_commentstring')
066.284  000.067  000.067: require('ts_context_commentstring.config')
066.315  000.002  000.002: sourcing nvim_exec2() called at /home/rizki/.dotfiles/nvim/.config/nvim/init.lua:0
066.320  000.001  000.001: sourcing nvim_exec2() called at /home/rizki/.dotfiles/nvim/.config/nvim/init.lua:0
066.626  000.052  000.052: require('toggleterm.lazy')
066.688  000.060  000.060: require('toggleterm.constants')
066.806  000.117  000.117: require('toggleterm.terminal')
066.812  000.420  000.190: require('toggleterm')
066.967  000.079  000.079: require('toggleterm.colors')
067.041  000.072  000.072: require('toggleterm.utils')
067.046  000.232  000.080: require('toggleterm.config')
067.193  000.089  000.089: require('vim.version')
068.353  000.125  000.125: require('toggleterm.commandline')
068.361  002.040  001.175: require('user.plugins.toggleterm')
068.682  000.003  000.003: sourcing nvim_exec2() called at /home/rizki/.dotfiles/nvim/.config/nvim/init.lua:0
068.691  000.001  000.001: sourcing nvim_exec2() called at /home/rizki/.dotfiles/nvim/.config/nvim/init.lua:0
068.855  000.002  000.002: sourcing nvim_exec2() called at /home/rizki/.dotfiles/nvim/.config/nvim/init.lua:0
068.866  000.001  000.001: sourcing nvim_exec2() called at /home/rizki/.dotfiles/nvim/.config/nvim/init.lua:0
069.059  000.002  000.002: sourcing nvim_exec2() called at /home/rizki/.dotfiles/nvim/.config/nvim/init.lua:0
069.065  000.001  000.001: sourcing nvim_exec2() called at /home/rizki/.dotfiles/nvim/.config/nvim/init.lua:0
069.237  000.001  000.001: sourcing nvim_exec2() called at /home/rizki/.dotfiles/nvim/.config/nvim/init.lua:0
069.244  000.001  000.001: sourcing nvim_exec2() called at /home/rizki/.dotfiles/nvim/.config/nvim/init.lua:0
069.404  000.129  000.129: sourcing /home/rizki/.local/share/nvim/lazy/telescope.nvim/plugin/telescope.lua
069.407  000.148  000.019: sourcing nvim_exec2() called at /home/rizki/.dotfiles/nvim/.config/nvim/init.lua:0
069.411  000.002  000.002: sourcing nvim_exec2() called at /home/rizki/.dotfiles/nvim/.config/nvim/init.lua:0
069.417  000.001  000.001: sourcing nvim_exec2() called at /home/rizki/.dotfiles/nvim/.config/nvim/init.lua:0
069.908  000.122  000.122: require('telescope._extensions')
069.911  000.395  000.273: require('telescope')
071.004  000.187  000.187: require('plenary.bit')
071.128  000.122  000.122: require('plenary.functional')
071.160  000.447  000.138: require('plenary.path')
071.170  000.602  000.155: require('plenary.strings')
071.702  000.135  000.135: require('plenary.log')
071.713  000.340  000.205: require('telescope.log')
071.933  000.054  000.054: require('plenary.compat')
071.938  000.127  000.073: require('plenary.job')
072.011  000.072  000.072: require('telescope.state')
072.047  000.333  000.134: require('telescope.utils')
072.050  000.879  000.206: require('telescope.sorters')
072.856  002.641  001.160: require('telescope.config')
073.013  000.066  000.066: require('plenary.window.border')
073.096  000.072  000.072: require('plenary.window')
073.150  000.052  000.052: require('plenary.popup.utils')
073.152  000.293  000.103: require('plenary.popup')
073.237  000.084  000.084: require('telescope.pickers.scroller')
073.312  000.074  000.074: require('telescope.actions.state')
073.385  000.072  000.072: require('telescope.actions.utils')
073.543  000.083  000.083: require('telescope.actions.mt')
073.555  000.169  000.086: require('telescope.actions.set')
073.688  000.067  000.067: require('telescope.config.resolve')
073.689  000.134  000.067: require('telescope.pickers.entry_display')
073.761  000.071  000.071: require('telescope.from_entry')
073.874  003.962  000.424: require('telescope.actions')
074.040  000.050  000.050: require('telescope-live-grep-args.helpers')
074.041  000.104  000.054: require('telescope-live-grep-args.actions.quote_prompt')
074.042  000.168  000.063: require('telescope-live-grep-args.actions')
074.126  000.069  000.069: require('telescope.themes')
074.773  000.064  000.064: require('catppuccin.palettes')
074.828  000.053  000.053: require('catppuccin.palettes.macchiato')
074.843  000.207  000.091: require('user.settings.telescope_themes')
075.019  000.112  000.112: require('fzf_lib')
075.022  000.179  000.066: require('telescope._extensions.fzf')
075.139  000.052  000.052: require('telescope-live-grep-args.prompt_parser')
075.572  000.057  000.057: require('plenary.tbl')
075.575  000.118  000.060: require('plenary.vararg.rotate')
075.576  000.178  000.060: require('plenary.vararg')
075.630  000.053  000.053: require('plenary.errors')
075.634  000.304  000.073: require('plenary.async.async')
075.887  000.059  000.059: require('plenary.async.structs')
075.890  000.127  000.068: require('plenary.async.control')
075.895  000.207  000.081: require('plenary.async.util')
075.897  000.262  000.055: require('plenary.async.tests')
075.897  000.635  000.069: require('plenary.async')
075.978  000.079  000.079: require('telescope.debounce')
076.103  000.124  000.124: require('telescope.mappings')
076.246  000.064  000.064: require('vim.hl')
076.249  000.145  000.080: require('telescope.pickers.highlights')
076.324  000.074  000.074: require('telescope.pickers.window')
076.399  000.074  000.074: require('telescope.pickers.layout')
076.554  000.074  000.074: require('telescope.algos.linked_list')
076.555  000.156  000.081: require('telescope.entry_manager')
076.627  000.071  000.071: require('telescope.pickers.multi')
076.637  001.498  000.139: require('telescope.pickers')
076.901  000.180  000.180: require('telescope.make_entry')
076.984  000.082  000.082: require('telescope.finders.async_static_finder')
077.219  000.076  000.076: require('plenary.class')
077.228  000.169  000.093: require('telescope.async_job')
077.230  000.245  000.076: require('telescope.finders.async_oneshot_finder')
077.322  000.092  000.092: require('telescope.finders.async_job_finder')
077.327  000.689  000.090: require('telescope.finders')
077.329  002.303  000.065: require('telescope._extensions.live_grep_args')
077.426  000.095  000.095: require('telescope._extensions.ui-select')
077.520  000.086  000.086: require('vim.ui')
077.936  000.153  000.153: require('telescope.builtin')
078.185  000.082  000.082: require('telescope._extensions.project.project')
078.193  000.174  000.092: require('telescope._extensions.project.utils')
078.307  000.114  000.114: require('plenary.iterators')
079.246  000.938  000.938: require('plenary.scandir')
079.251  001.313  000.088: require('telescope._extensions.project.git')
079.288  001.601  000.136: require('telescope._extensions.project.actions')
079.414  000.125  000.125: require('telescope._extensions.project.finders')
079.418  001.812  000.086: require('telescope._extensions.project.main')
079.462  001.933  000.121: require('telescope._extensions.project')
079.942  000.071  000.071: require('commander.model.Keymap')
079.945  000.151  000.079: require('commander.model.Command')
080.011  000.065  000.065: require('commander.model.filter')
080.016  000.316  000.100: require('commander.model.Layer')
080.164  000.066  000.066: require('commander.model.Component')
080.263  000.097  000.097: require('telescope._extensions.commander.theme')
080.264  000.247  000.084: require('commander.model.Config')
080.414  000.150  000.150: require('commander.converter')
080.420  000.796  000.084: require('commander')
080.677  000.129  000.129: require('vim.health')
080.680  000.219  000.090: require('vim.deprecated.health')
080.885  000.122  000.122: require('vim.iter')
083.640  000.133  000.133: require('telescope._extensions.commander.finder')
083.719  000.077  000.077: require('telescope._extensions.commander.attach_mappings')
083.721  000.344  000.135: require('telescope._extensions.commander')
084.082  004.547  003.066: require('user.plugins.commander')
084.084  014.664  000.719: require('user.plugins.telescope')
084.096  000.003  000.003: sourcing nvim_exec2() called at /home/rizki/.dotfiles/nvim/.config/nvim/init.lua:0
084.101  000.001  000.001: sourcing nvim_exec2() called at /home/rizki/.dotfiles/nvim/.config/nvim/init.lua:0
084.130  000.001  000.001: sourcing nvim_exec2() called at /home/rizki/.dotfiles/nvim/.config/nvim/init.lua:0
084.134  000.000  000.000: sourcing nvim_exec2() called at /home/rizki/.dotfiles/nvim/.config/nvim/init.lua:0
084.760  000.280  000.280: require('bigfile.features')
084.764  000.629  000.348: require('bigfile')
084.963  000.002  000.002: sourcing nvim_exec2() called at /home/rizki/.dotfiles/nvim/.config/nvim/init.lua:0
084.971  000.001  000.001: sourcing nvim_exec2() called at /home/rizki/.dotfiles/nvim/.config/nvim/init.lua:0
085.117  000.001  000.001: sourcing nvim_exec2() called at /home/rizki/.dotfiles/nvim/.config/nvim/init.lua:0
085.121  000.000  000.000: sourcing nvim_exec2() called at /home/rizki/.dotfiles/nvim/.config/nvim/init.lua:0
085.269  000.001  000.001: sourcing nvim_exec2() called at /home/rizki/.dotfiles/nvim/.config/nvim/init.lua:0
085.273  000.000  000.000: sourcing nvim_exec2() called at /home/rizki/.dotfiles/nvim/.config/nvim/init.lua:0
085.363  000.061  000.061: sourcing /home/rizki/.local/share/nvim/lazy/nvim-dap/plugin/dap.lua
085.366  000.080  000.018: sourcing nvim_exec2() called at /home/rizki/.dotfiles/nvim/.config/nvim/init.lua:0
085.369  000.001  000.001: sourcing nvim_exec2() called at /home/rizki/.dotfiles/nvim/.config/nvim/init.lua:0
085.374  000.001  000.001: sourcing nvim_exec2() called at /home/rizki/.dotfiles/nvim/.config/nvim/init.lua:0
085.778  000.077  000.077: require('dap.utils')
085.810  000.355  000.279: require('dap')
086.329  000.223  000.223: require('nio.tasks')
086.548  000.217  000.217: require('nio.control')
086.807  000.258  000.258: require('nio.uv')
087.003  000.193  000.193: require('nio.tests')
087.171  000.167  000.167: require('nio.ui')
087.504  000.177  000.177: require('nio.streams')
087.505  000.333  000.156: require('nio.file')
088.128  000.173  000.173: require('nio.util')
088.150  000.471  000.298: require('nio.logger')
088.153  000.647  000.176: require('nio.lsp')
088.326  000.173  000.173: require('nio.process')
088.332  002.456  000.245: require('nio')
088.732  000.008  000.008: sourcing nvim_exec2() called at /home/rizki/.dotfiles/nvim/.config/nvim/init.lua:0
088.735  000.086  000.078: require('dapui.config.highlights')
088.761  000.023  000.023: sourcing nvim_exec2() called at /home/rizki/.dotfiles/nvim/.config/nvim/init.lua:0
088.826  000.363  000.254: require('dapui.config')
088.830  000.429  000.066: require('dapui.util')
088.902  000.072  000.072: require('dapui.windows.layout')
088.904  000.571  000.070: require('dapui.windows')
088.964  000.059  000.059: require('dapui.controls')
088.966  003.156  000.069: require('dapui')
089.067  000.016  000.016: sourcing nvim_exec2() called at /home/rizki/.dotfiles/nvim/.config/nvim/init.lua:0
089.213  000.062  000.062: require('dapui.client.types')
089.215  000.135  000.073: require('dapui.client')
089.272  000.057  000.057: require('dap.breakpoints')
089.329  000.053  000.053: require('dapui.client.lib')
089.443  000.058  000.058: require('dapui.render.canvas')
089.455  000.121  000.064: require('dapui.elements.breakpoints')
089.519  000.056  000.056: require('dapui.components.breakpoints')
089.591  000.063  000.063: require('dapui.elements.repl')
089.643  000.051  000.051: require('dapui.elements.scopes')
089.700  000.051  000.051: require('dapui.components.scopes')
089.760  000.059  000.059: require('dapui.components.variables')
089.815  000.050  000.050: require('dapui.elements.stacks')
089.921  000.051  000.051: require('dapui.components.frames')
089.921  000.101  000.051: require('dapui.components.threads')
089.978  000.050  000.050: require('dapui.elements.watches')
090.033  000.051  000.051: require('dapui.components.watches')
090.092  000.054  000.054: require('dapui.elements.hover')
090.157  000.060  000.060: require('dapui.components.hover')
090.210  000.051  000.051: require('dapui.elements.console')
090.354  000.068  000.068: require('nvim-dap-virtual-text')
090.381  000.006  000.006: sourcing nvim_exec2() called at /home/rizki/.dotfiles/nvim/.config/nvim/init.lua:0
090.390  000.007  000.007: sourcing nvim_exec2() called at /home/rizki/.dotfiles/nvim/.config/nvim/init.lua:0
090.450  000.057  000.057: require('user.dap.langs.go')
090.567  000.053  000.053: require('dap-go-ts')
090.571  000.120  000.067: require('dap-go')
090.597  005.220  000.371: require('user.dap')
090.629  000.002  000.002: sourcing nvim_exec2() called at /home/rizki/.dotfiles/nvim/.config/nvim/init.lua:0
090.634  000.001  000.001: sourcing nvim_exec2() called at /home/rizki/.dotfiles/nvim/.config/nvim/init.lua:0
091.033  000.067  000.067: require('bufferline.lazy')
091.097  000.061  000.061: require('bufferline.commands')
091.178  000.078  000.078: require('bufferline.config')
091.179  000.478  000.272: require('bufferline')
091.391  000.067  000.067: require('bufferline.utils')
091.393  000.169  000.102: require('bufferline.groups')
091.456  000.055  000.055: require('bufferline.constants')
091.509  000.052  000.052: require('bufferline.colors')
091.773  000.090  000.090: require('bufferline.highlights')
092.682  000.534  000.534: require('bufferline.hover')
092.834  000.126  000.126: require('bufferline.ui')
092.854  002.218  000.713: require('user.plugins.bufferline')
093.022  000.025  000.025: sourcing /home/rizki/.local/share/nvim/lazy/conform.nvim/plugin/conform.lua
093.026  000.046  000.020: sourcing nvim_exec2() called at /home/rizki/.dotfiles/nvim/.config/nvim/init.lua:0
093.051  000.002  000.002: sourcing nvim_exec2() called at /home/rizki/.dotfiles/nvim/.config/nvim/init.lua:0
093.056  000.001  000.001: sourcing nvim_exec2() called at /home/rizki/.dotfiles/nvim/.config/nvim/init.lua:0
093.345  000.283  000.283: require('conform')
093.431  000.011  000.011: sourcing /home/rizki/.local/share/nvim/lazy/zen-mode.nvim/plugin/zen-mode.vim
093.433  000.029  000.018: sourcing nvim_exec2() called at /home/rizki/.dotfiles/nvim/.config/nvim/init.lua:0
093.436  000.001  000.001: sourcing nvim_exec2() called at /home/rizki/.dotfiles/nvim/.config/nvim/init.lua:0
093.441  000.001  000.001: sourcing nvim_exec2() called at /home/rizki/.dotfiles/nvim/.config/nvim/init.lua:0
093.813  000.002  000.002: sourcing nvim_exec2() called at /home/rizki/.dotfiles/nvim/.config/nvim/init.lua:0
093.818  000.001  000.001: sourcing nvim_exec2() called at /home/rizki/.dotfiles/nvim/.config/nvim/init.lua:0
094.004  000.001  000.001: sourcing nvim_exec2() called at /home/rizki/.dotfiles/nvim/.config/nvim/init.lua:0
094.008  000.001  000.001: sourcing nvim_exec2() called at /home/rizki/.dotfiles/nvim/.config/nvim/init.lua:0
094.202  000.001  000.001: sourcing nvim_exec2() called at /home/rizki/.dotfiles/nvim/.config/nvim/init.lua:0
094.208  000.001  000.001: sourcing nvim_exec2() called at /home/rizki/.dotfiles/nvim/.config/nvim/init.lua:0
094.387  000.001  000.001: sourcing nvim_exec2() called at /home/rizki/.dotfiles/nvim/.config/nvim/init.lua:0
094.391  000.000  000.000: sourcing nvim_exec2() called at /home/rizki/.dotfiles/nvim/.config/nvim/init.lua:0
094.571  000.001  000.001: sourcing nvim_exec2() called at /home/rizki/.dotfiles/nvim/.config/nvim/init.lua:0
094.574  000.000  000.000: sourcing nvim_exec2() called at /home/rizki/.dotfiles/nvim/.config/nvim/init.lua:0
094.659  000.058  000.058: sourcing /home/rizki/.local/share/nvim/lazy/nvim-lspconfig/plugin/lspconfig.lua
094.662  000.076  000.018: sourcing nvim_exec2() called at /home/rizki/.dotfiles/nvim/.config/nvim/init.lua:0
094.667  000.001  000.001: sourcing nvim_exec2() called at /home/rizki/.dotfiles/nvim/.config/nvim/init.lua:0
094.671  000.000  000.000: sourcing nvim_exec2() called at /home/rizki/.dotfiles/nvim/.config/nvim/init.lua:0
095.482  000.170  000.170: require('lspconfig.util')
095.564  000.077  000.077: require('lspconfig.async')
095.566  000.356  000.109: require('lspconfig.configs')
095.568  000.773  000.416: require('lspconfig')
095.883  000.142  000.142: require('fidget.log')
095.888  000.255  000.112: require('fidget')
095.999  000.106  000.106: require('fidget.spinners')
096.422  000.293  000.293: require('vim.lsp.completion')
096.526  000.525  000.232: require('vim.lsp.handlers')
096.545  000.009  000.009: sourcing nvim_exec2() called at /home/rizki/.dotfiles/nvim/.config/nvim/init.lua:0
096.550  000.002  000.002: sourcing nvim_exec2() called at /home/rizki/.dotfiles/nvim/.config/nvim/init.lua:0
096.566  000.015  000.015: sourcing nvim_exec2() called at /home/rizki/.dotfiles/nvim/.config/nvim/init.lua:0
096.568  000.999  000.089: require('user.plugins.fidget')
096.867  000.003  000.003: sourcing nvim_exec2() called at /home/rizki/.dotfiles/nvim/.config/nvim/init.lua:0
096.873  000.001  000.001: sourcing nvim_exec2() called at /home/rizki/.dotfiles/nvim/.config/nvim/init.lua:0
097.460  000.167  000.167: require('nvim-navic.lib')
097.467  000.492  000.325: require('nvim-navic')
097.496  000.618  000.127: require('user.plugins.navic')
097.502  000.806  000.183: require('nvim-navic')
097.903  000.003  000.003: sourcing nvim_exec2() called at /home/rizki/.dotfiles/nvim/.config/nvim/init.lua:0
097.923  000.001  000.001: sourcing nvim_exec2() called at /home/rizki/.dotfiles/nvim/.config/nvim/init.lua:0
098.408  000.393  000.393: require('cmp_nvim_lsp.source')
098.411  000.780  000.383: require('cmp_nvim_lsp')
098.415  001.846  000.260: require('user.lsp.handlers')
098.563  000.146  000.146: require('user.settings.lsp_themes')
099.518  000.954  000.954: require('vim.diagnostic')
099.533  000.007  000.007: sourcing nvim_exec2() called at /home/rizki/.dotfiles/nvim/.config/nvim/init.lua:0
099.898  000.363  000.363: require('user.lsp.langs.jsonls')
100.024  000.083  000.083: require('user.lsp.langs.cssls')
100.145  000.007  000.007: sourcing nvim_exec2() called at /home/rizki/.dotfiles/nvim/.config/nvim/init.lua:0
100.399  000.248  000.248: require('vim.lsp.diagnostic')
100.578  000.545  000.290: require('user.lsp.langs.gopls')
100.713  000.125  000.125: require('user.lsp.langs.html')
100.967  000.240  000.240: require('user.lsp.langs.rust_analyzer')
101.123  000.105  000.105: require('user.lsp.langs.astro')
101.284  000.126  000.126: require('user.lsp.langs.ts_ls')
103.902  000.086  000.086: require('mason-core.path')
104.172  000.073  000.073: require('mason-core.functional.data')
104.266  000.092  000.092: require('mason-core.functional.function')
104.387  000.116  000.116: require('mason-core.functional.list')
104.477  000.082  000.082: require('mason-core.functional.relation')
104.563  000.085  000.085: require('mason-core.functional.logic')
104.666  000.079  000.079: require('mason-core.functional.number')
104.801  000.130  000.130: require('mason-core.functional.string')
104.960  000.153  000.153: require('mason-core.functional.table')
105.064  000.101  000.101: require('mason-core.functional.type')
105.068  001.068  000.158: require('mason-core.functional')
105.114  001.209  000.141: require('mason-core.platform')
105.311  000.196  000.196: require('mason.settings')
105.314  001.595  000.105: require('mason-core.installer.InstallLocation')
105.724  000.163  000.163: require('mason-core.log')
105.727  000.286  000.123: require('mason-core.EventEmitter')
105.871  000.115  000.115: require('mason-registry.sources')
106.133  000.817  000.415: require('mason-registry')
106.134  002.504  000.092: require('mason')
106.631  000.435  000.435: require('mason.api.command')
106.882  000.238  000.238: require('mason-nvim-dap')
107.040  000.141  000.141: require('mason-nvim-dap.settings')
107.450  000.239  000.239: require('mason-core.optional')
107.662  000.211  000.211: require('mason-nvim-dap.mappings.source')
107.685  000.638  000.188: require('mason-nvim-dap.ensure_installed')
108.115  000.428  000.428: require('mason-core.async')
108.623  000.227  000.227: require('mason-core.async.uv')
108.657  000.541  000.314: require('mason-core.fs')
109.314  000.258  000.258: require('mason-core.result')
109.566  000.112  000.112: require('mason-core.process')
109.641  000.074  000.074: require('mason-core.spawn')
109.645  000.258  000.072: require('mason-core.installer.managers.powershell')
109.705  000.059  000.059: require('mason.version')
109.706  000.391  000.074: require('mason-core.fetch')
109.777  000.069  000.069: require('mason-core.providers')
110.054  000.092  000.092: require('mason-core.purl')
110.117  000.062  000.062: require('mason-core.async.control')
110.122  000.222  000.068: require('mason-core.package.AbstractPackage')
110.396  000.064  000.064: require('mason-core.installer.compiler.expr')
110.400  000.139  000.075: require('mason-core.installer.compiler.link')
110.723  000.060  000.060: require('mason-core.installer.context.InstallContextCwd')
110.791  000.067  000.067: require('mason-core.installer.context.InstallContextFs')
110.848  000.056  000.056: require('mason-core.installer.context.InstallContextSpawn')
110.914  000.065  000.065: require('mason-core.receipt')
110.924  000.335  000.088: require('mason-core.installer.context')
110.925  000.394  000.059: require('mason-core.installer')
110.937  000.477  000.082: require('mason-core.installer.managers.std')
110.939  000.537  000.061: require('mason-core.installer.compiler.schemas')
111.001  000.061  000.061: require('mason-core.installer.compiler.util')
111.022  000.829  000.091: require('mason-core.installer.compiler')
111.090  000.067  000.067: require('mason-core.installer.linker')
111.094  000.971  000.075: require('mason-core.installer.InstallRunner')
111.156  000.061  000.061: require('mason-core.installer.UninstallRunner')
111.160  001.325  000.071: require('mason-core.package')
111.162  001.384  000.059: require('mason-registry.sources.util')
111.167  002.355  000.253: require('mason-registry.sources.github')
111.257  000.060  000.060: require('mason-registry.sources.synthesized')
113.555  000.065  000.065: require('mason-nvim-dap.automatic_installation')
113.689  000.074  000.074: require('dap.ext.vscode')
113.756  000.066  000.066: require('mason-nvim-dap.mappings.filetypes')
113.878  000.054  000.054: require('mason-core.notify')
113.890  000.130  000.076: require('mason-nvim-dap.api.command')
113.947  000.056  000.056: require('user.lsp.langs.nextls')
113.957  019.284  005.240: require('user.lsp')
113.997  000.003  000.003: sourcing nvim_exec2() called at /home/rizki/.dotfiles/nvim/.config/nvim/init.lua:0
114.003  000.001  000.001: sourcing nvim_exec2() called at /home/rizki/.dotfiles/nvim/.config/nvim/init.lua:0
114.469  000.065  000.065: require('lualine_require')
114.635  000.547  000.482: require('lualine')
114.709  000.072  000.072: require('user.settings.lualine_themes')
114.993  000.009  000.009: sourcing nvim_exec2() called at /home/rizki/.dotfiles/nvim/.config/nvim/init.lua:0
115.408  000.005  000.005: sourcing nvim_exec2() called at /home/rizki/.dotfiles/nvim/.config/nvim/init.lua:0
115.417  000.002  000.002: sourcing nvim_exec2() called at /home/rizki/.dotfiles/nvim/.config/nvim/init.lua:0
115.422  000.002  000.002: sourcing nvim_exec2() called at /home/rizki/.dotfiles/nvim/.config/nvim/init.lua:0
115.428  000.002  000.002: sourcing nvim_exec2() called at /home/rizki/.dotfiles/nvim/.config/nvim/init.lua:0
115.433  000.001  000.001: sourcing nvim_exec2() called at /home/rizki/.dotfiles/nvim/.config/nvim/init.lua:0
115.437  000.001  000.001: sourcing nvim_exec2() called at /home/rizki/.dotfiles/nvim/.config/nvim/init.lua:0
115.442  000.001  000.001: sourcing nvim_exec2() called at /home/rizki/.dotfiles/nvim/.config/nvim/init.lua:0
115.446  000.001  000.001: sourcing nvim_exec2() called at /home/rizki/.dotfiles/nvim/.config/nvim/init.lua:0
115.456  000.002  000.002: sourcing nvim_exec2() called at /home/rizki/.dotfiles/nvim/.config/nvim/init.lua:0
115.460  000.001  000.001: sourcing nvim_exec2() called at /home/rizki/.dotfiles/nvim/.config/nvim/init.lua:0
115.465  000.002  000.002: sourcing nvim_exec2() called at /home/rizki/.dotfiles/nvim/.config/nvim/init.lua:0
115.469  000.001  000.001: sourcing nvim_exec2() called at /home/rizki/.dotfiles/nvim/.config/nvim/init.lua:0
115.472  000.001  000.001: sourcing nvim_exec2() called at /home/rizki/.dotfiles/nvim/.config/nvim/init.lua:0
115.476  000.001  000.001: sourcing nvim_exec2() called at /home/rizki/.dotfiles/nvim/.config/nvim/init.lua:0
115.480  000.001  000.001: sourcing nvim_exec2() called at /home/rizki/.dotfiles/nvim/.config/nvim/init.lua:0
115.483  000.001  000.001: sourcing nvim_exec2() called at /home/rizki/.dotfiles/nvim/.config/nvim/init.lua:0
115.486  000.001  000.001: sourcing nvim_exec2() called at /home/rizki/.dotfiles/nvim/.config/nvim/init.lua:0
115.494  000.007  000.007: sourcing nvim_exec2() called at /home/rizki/.dotfiles/nvim/.config/nvim/init.lua:0
116.057  000.005  000.005: sourcing nvim_exec2() called at /home/rizki/.dotfiles/nvim/.config/nvim/init.lua:0
116.064  000.003  000.003: sourcing nvim_exec2() called at /home/rizki/.dotfiles/nvim/.config/nvim/init.lua:0
116.635  000.073  000.073: require('lualine.utils.mode')
116.905  000.005  000.005: sourcing nvim_exec2() called at /home/rizki/.dotfiles/nvim/.config/nvim/init.lua:0
116.912  000.002  000.002: sourcing nvim_exec2() called at /home/rizki/.dotfiles/nvim/.config/nvim/init.lua:0
116.918  000.002  000.002: sourcing nvim_exec2() called at /home/rizki/.dotfiles/nvim/.config/nvim/init.lua:0
116.923  000.001  000.001: sourcing nvim_exec2() called at /home/rizki/.dotfiles/nvim/.config/nvim/init.lua:0
116.927  000.001  000.001: sourcing nvim_exec2() called at /home/rizki/.dotfiles/nvim/.config/nvim/init.lua:0
116.931  000.001  000.001: sourcing nvim_exec2() called at /home/rizki/.dotfiles/nvim/.config/nvim/init.lua:0
116.935  000.001  000.001: sourcing nvim_exec2() called at /home/rizki/.dotfiles/nvim/.config/nvim/init.lua:0
116.941  000.002  000.002: sourcing nvim_exec2() called at /home/rizki/.dotfiles/nvim/.config/nvim/init.lua:0
116.945  000.001  000.001: sourcing nvim_exec2() called at /home/rizki/.dotfiles/nvim/.config/nvim/init.lua:0
116.950  000.001  000.001: sourcing nvim_exec2() called at /home/rizki/.dotfiles/nvim/.config/nvim/init.lua:0
116.954  000.001  000.001: sourcing nvim_exec2() called at /home/rizki/.dotfiles/nvim/.config/nvim/init.lua:0
116.957  000.001  000.001: sourcing nvim_exec2() called at /home/rizki/.dotfiles/nvim/.config/nvim/init.lua:0
116.961  000.001  000.001: sourcing nvim_exec2() called at /home/rizki/.dotfiles/nvim/.config/nvim/init.lua:0
116.965  000.001  000.001: sourcing nvim_exec2() called at /home/rizki/.dotfiles/nvim/.config/nvim/init.lua:0
116.971  000.001  000.001: sourcing nvim_exec2() called at /home/rizki/.dotfiles/nvim/.config/nvim/init.lua:0
116.975  000.001  000.001: sourcing nvim_exec2() called at /home/rizki/.dotfiles/nvim/.config/nvim/init.lua:0
116.992  000.001  000.001: sourcing nvim_exec2() called at /home/rizki/.dotfiles/nvim/.config/nvim/init.lua:0
116.997  000.001  000.001: sourcing nvim_exec2() called at /home/rizki/.dotfiles/nvim/.config/nvim/init.lua:0
117.022  000.001  000.001: sourcing nvim_exec2() called at /home/rizki/.dotfiles/nvim/.config/nvim/init.lua:0
117.041  000.001  000.001: sourcing nvim_exec2() called at /home/rizki/.dotfiles/nvim/.config/nvim/init.lua:0
117.045  000.001  000.001: sourcing nvim_exec2() called at /home/rizki/.dotfiles/nvim/.config/nvim/init.lua:0
117.050  000.002  000.002: sourcing nvim_exec2() called at /home/rizki/.dotfiles/nvim/.config/nvim/init.lua:0
117.112  000.003  000.003: sourcing nvim_exec2() called at /home/rizki/.dotfiles/nvim/.config/nvim/init.lua:0
117.116  000.001  000.001: sourcing nvim_exec2() called at /home/rizki/.dotfiles/nvim/.config/nvim/init.lua:0
117.120  000.001  000.001: sourcing nvim_exec2() called at /home/rizki/.dotfiles/nvim/.config/nvim/init.lua:0
117.123  000.001  000.001: sourcing nvim_exec2() called at /home/rizki/.dotfiles/nvim/.config/nvim/init.lua:0
117.126  000.001  000.001: sourcing nvim_exec2() called at /home/rizki/.dotfiles/nvim/.config/nvim/init.lua:0
117.130  000.001  000.001: sourcing nvim_exec2() called at /home/rizki/.dotfiles/nvim/.config/nvim/init.lua:0
117.372  000.003  000.003: sourcing nvim_exec2() called at /home/rizki/.dotfiles/nvim/.config/nvim/init.lua:0
117.379  000.002  000.002: sourcing nvim_exec2() called at /home/rizki/.dotfiles/nvim/.config/nvim/init.lua:0
117.383  000.001  000.001: sourcing nvim_exec2() called at /home/rizki/.dotfiles/nvim/.config/nvim/init.lua:0
117.457  000.005  000.005: sourcing nvim_exec2() called at /home/rizki/.dotfiles/nvim/.config/nvim/init.lua:0
117.461  000.001  000.001: sourcing nvim_exec2() called at /home/rizki/.dotfiles/nvim/.config/nvim/init.lua:0
117.464  000.002  000.002: sourcing nvim_exec2() called at /home/rizki/.dotfiles/nvim/.config/nvim/init.lua:0
117.468  000.003  000.003: sourcing nvim_exec2() called at /home/rizki/.dotfiles/nvim/.config/nvim/init.lua:0
119.065  000.019  000.019: sourcing nvim_exec2() called at /home/rizki/.dotfiles/nvim/.config/nvim/init.lua:0
119.111  000.005  000.005: sourcing nvim_exec2() called at /home/rizki/.dotfiles/nvim/.config/nvim/init.lua:0
119.128  000.015  000.015: sourcing nvim_exec2() called at /home/rizki/.dotfiles/nvim/.config/nvim/init.lua:0
119.135  000.003  000.003: sourcing nvim_exec2() called at /home/rizki/.dotfiles/nvim/.config/nvim/init.lua:0
119.139  000.002  000.002: sourcing nvim_exec2() called at /home/rizki/.dotfiles/nvim/.config/nvim/init.lua:0
119.152  005.135  004.288: require('user.plugins.lualine')
119.940  000.082  000.082: require('dressing.patch')
119.942  000.397  000.314: require('dressing')
119.953  000.444  000.047: sourcing /home/rizki/.local/share/nvim/lazy/dressing.nvim/plugin/dressing.lua
119.956  000.466  000.022: sourcing nvim_exec2() called at /home/rizki/.dotfiles/nvim/.config/nvim/init.lua:0
119.962  000.002  000.002: sourcing nvim_exec2() called at /home/rizki/.dotfiles/nvim/.config/nvim/init.lua:0
119.968  000.001  000.001: sourcing nvim_exec2() called at /home/rizki/.dotfiles/nvim/.config/nvim/init.lua:0
119.975  000.001  000.001: sourcing nvim_exec2() called at /home/rizki/.dotfiles/nvim/.config/nvim/init.lua:0
119.980  000.000  000.000: sourcing nvim_exec2() called at /home/rizki/.dotfiles/nvim/.config/nvim/init.lua:0
120.053  000.071  000.071: require('user.lsp.langs.flutter-tools')
120.205  000.057  000.057: require('flutter-tools.lazy')
120.214  000.161  000.104: require('flutter-tools')
120.221  000.005  000.005: sourcing nvim_exec2() called at /home/rizki/.dotfiles/nvim/.config/nvim/init.lua:0
120.405  000.080  000.080: require('flutter-tools.utils.path')
120.409  000.187  000.107: require('flutter-tools.config')
120.510  000.077  000.077: require('flutter-tools.log')
120.641  000.031  000.031: sourcing /usr/share/nvim/runtime/plugin/editorconfig.lua
120.644  000.049  000.017: sourcing nvim_exec2() called at /home/rizki/.dotfiles/nvim/.config/nvim/init.lua:0
120.670  000.012  000.012: sourcing /usr/share/nvim/runtime/plugin/gzip.vim
120.674  000.026  000.014: sourcing nvim_exec2() called at /home/rizki/.dotfiles/nvim/.config/nvim/init.lua:0
120.724  000.035  000.035: sourcing /usr/share/nvim/runtime/plugin/man.lua
120.726  000.048  000.013: sourcing nvim_exec2() called at /home/rizki/.dotfiles/nvim/.config/nvim/init.lua:0
120.754  000.015  000.015: sourcing /usr/share/nvim/runtime/plugin/matchit.vim
120.756  000.027  000.012: sourcing nvim_exec2() called at /home/rizki/.dotfiles/nvim/.config/nvim/init.lua:0
120.802  000.007  000.007: sourcing /usr/share/nvim/runtime/plugin/matchparen.vim
120.805  000.020  000.013: sourcing nvim_exec2() called at /home/rizki/.dotfiles/nvim/.config/nvim/init.lua:0
120.870  000.044  000.044: sourcing /usr/share/nvim/runtime/plugin/net.lua
120.872  000.056  000.012: sourcing nvim_exec2() called at /home/rizki/.dotfiles/nvim/.config/nvim/init.lua:0
121.432  000.149  000.149: sourcing /usr/share/nvim/runtime/pack/dist/opt/netrw/plugin/netrwPlugin.vim
121.444  000.556  000.407: sourcing /usr/share/nvim/runtime/plugin/netrwPlugin.vim
121.446  000.569  000.013: sourcing nvim_exec2() called at /home/rizki/.dotfiles/nvim/.config/nvim/init.lua:0
121.499  000.035  000.035: sourcing /usr/share/nvim/runtime/plugin/osc52.lua
121.501  000.051  000.016: sourcing nvim_exec2() called at /home/rizki/.dotfiles/nvim/.config/nvim/init.lua:0
121.600  000.083  000.083: sourcing /usr/share/nvim/runtime/plugin/rplugin.vim
121.602  000.098  000.015: sourcing nvim_exec2() called at /home/rizki/.dotfiles/nvim/.config/nvim/init.lua:0
121.671  000.052  000.052: sourcing /usr/share/nvim/runtime/plugin/shada.lua
121.672  000.068  000.016: sourcing nvim_exec2() called at /home/rizki/.dotfiles/nvim/.config/nvim/init.lua:0
121.712  000.019  000.019: sourcing /usr/share/nvim/runtime/plugin/spellfile.lua
121.713  000.038  000.020: sourcing nvim_exec2() called at /home/rizki/.dotfiles/nvim/.config/nvim/init.lua:0
121.737  000.007  000.007: sourcing /usr/share/nvim/runtime/plugin/tarPlugin.vim
121.739  000.024  000.017: sourcing nvim_exec2() called at /home/rizki/.dotfiles/nvim/.config/nvim/init.lua:0
121.774  000.010  000.010: sourcing /usr/share/nvim/runtime/plugin/tutor.vim
121.775  000.026  000.016: sourcing nvim_exec2() called at /home/rizki/.dotfiles/nvim/.config/nvim/init.lua:0
121.797  000.006  000.006: sourcing /usr/share/nvim/runtime/plugin/zipPlugin.vim
121.799  000.022  000.015: sourcing nvim_exec2() called at /home/rizki/.dotfiles/nvim/.config/nvim/init.lua:0
121.968  000.029  000.029: sourcing /home/rizki/.local/share/nvim/lazy/cmp-nvim-lsp/after/plugin/cmp_nvim_lsp.lua
121.971  000.053  000.024: sourcing nvim_exec2() called at /home/rizki/.dotfiles/nvim/.config/nvim/init.lua:0
122.028  000.021  000.021: sourcing /home/rizki/.local/share/nvim/lazy/bigfile.nvim/after/plugin/bigfile.lua
122.030  000.041  000.020: sourcing nvim_exec2() called at /home/rizki/.dotfiles/nvim/.config/nvim/init.lua:0
122.066  000.002  000.002: sourcing /home/rizki/.local/share/nvim/lazy/vim-matchup/after/plugin/matchit.vim
122.068  000.021  000.019: sourcing nvim_exec2() called at /home/rizki/.dotfiles/nvim/.config/nvim/init.lua:0
122.101  119.253  043.446: sourcing /home/rizki/.config/nvim/init.lua
122.107  000.303: sourcing vimrc file(s)
122.320  000.037  000.037: sourcing /usr/share/nvim/runtime/filetype.lua
122.522  000.037  000.037: sourcing /usr/share/nvim/runtime/syntax/synload.vim
122.566  000.189  000.152: sourcing /usr/share/nvim/runtime/syntax/syntax.vim
122.577  000.243: inits 3
124.326  001.749: reading ShaDa
124.519  000.020  000.020: sourcing /home/rizki/.local/share/nvim/lazy/vim-matchup/autoload/matchup/ts_engine.vim
124.914  000.011  000.011: sourcing /home/rizki/.local/share/nvim/lazy/vim-matchup/autoload/matchup/re.vim
125.013  000.656: opening buffers
125.378  000.010  000.010: sourcing /home/rizki/.local/share/nvim/lazy/windsurf.vim/autoload/codeium/util.vim
125.515  000.387  000.377: sourcing /home/rizki/.local/share/nvim/lazy/windsurf.vim/plugin/codeium.vim
125.518  000.409  000.021: sourcing nvim_exec2() called at BufEnter Autocommands for "*":0
125.522  000.001  000.001: sourcing nvim_exec2() called at BufEnter Autocommands for "*":0
125.529  000.001  000.001: sourcing nvim_exec2() called at BufEnter Autocommands for "*":0
125.706  000.119  000.119: sourcing /home/rizki/.local/share/nvim/lazy/windsurf.vim/autoload/codeium.vim
125.839  000.071  000.071: sourcing /home/rizki/.local/share/nvim/lazy/windsurf.vim/autoload/codeium/command.vim
125.961  000.095  000.095: require('bufferline.state')
127.430  001.723: BufEnter autocommands
127.438  000.007: editing files in windows
130.739  002.953  002.953: sourcing /usr/share/nvim/runtime/pack/dist/opt/netrw/autoload/netrw.vim
131.361  000.134  000.134: sourcing /usr/share/nvim/runtime/pack/dist/opt/netrw/autoload/netrw/fs.vim
132.113  000.112  000.112: sourcing /home/rizki/.local/state/nvim/netrw/.netrwhist
135.441  002.668  002.668: require('vim.filetype')
135.928  000.253  000.253: require('vim.filetype.detect')
138.896  000.069  000.069: require('ts_context_commentstring.utils')
138.900  000.179  000.109: require('ts_context_commentstring.internal')
140.127  000.287  000.287: sourcing /usr/share/nvim/runtime/pack/dist/opt/netrw/syntax/netrw.vim
143.263  000.128  000.128: sourcing /usr/share/nvim/runtime/pack/dist/opt/netrw/syntax/netrw.vim
145.849  000.187  000.187: sourcing /usr/share/nvim/runtime/autoload/provider/clipboard.vim
148.545  000.166  000.166: require('vim.lsp.client')
150.869  000.141  000.141: sourcing /usr/share/nvim/runtime/pack/dist/opt/netrw/syntax/netrw.vim
150.994  016.348: VimEnter autocommands
151.029  000.035: UIEnter autocommands
151.031  000.002: before starting main loop
151.189  000.043  000.043: sourcing /home/rizki/.local/share/nvim/lazy/vim-matchup/autoload/matchup/pos.vim
151.532  000.168  000.168: sourcing /home/rizki/.local/share/nvim/lazy/vim-matchup/autoload/matchup/delim.vim
151.888  000.105  000.105: require('bufferline.tabpages')
151.984  000.091  000.091: require('bufferline.models')
152.050  000.064  000.064: require('bufferline.pick')
152.112  000.061  000.061: require('bufferline.duplicates')
152.196  000.006  000.006: sourcing nvim_exec2()
152.198  000.082  000.076: require('bufferline.diagnostics')
152.598  000.018  000.018: sourcing /home/rizki/.local/share/nvim/lazy/nvim-web-devicons/plugin/nvim-web-devicons.vim
152.601  000.043  000.025: sourcing nvim_exec2()
152.606  000.001  000.001: sourcing nvim_exec2()
152.611  000.001  000.001: sourcing nvim_exec2()
153.046  000.380  000.380: require('nvim-web-devicons.filetypes')
153.309  000.181  000.181: require('nvim-web-devicons.default.icons_by_filename')
153.951  000.641  000.641: require('nvim-web-devicons.default.icons_by_file_extension')
154.100  000.147  000.147: require('nvim-web-devicons.default.icons_by_operating_system')
154.181  000.081  000.081: require('nvim-web-devicons.default.icons_by_desktop_environment')
154.263  000.080  000.080: require('nvim-web-devicons.default.icons_by_window_manager')
154.264  001.208  000.079: require('nvim-web-devicons.icons-default')
154.436  002.121  000.488: require('nvim-web-devicons')
156.495  000.111  000.111: require('bufferline.numbers')
156.687  000.108  000.108: require('bufferline.sorters')
156.817  000.103  000.103: require('bufferline.offset')
156.897  000.076  000.076: require('bufferline.custom_area')
157.847  003.680: first screen update
157.849  000.002: --- NVIM STARTED ---

