--- Startup times for process: Primary (or UI client) ---

times in msec
 clock   self+sourced   self:  sourced script
 clock   elapsed:              other lines

000.000  000.000: --- NVIM STARTING ---
000.073  000.072: event init
000.510  000.438: early init
001.112  000.601: locale set
001.139  000.027: init first window
001.486  000.347: inits 1
001.492  000.006: window checked
001.495  000.003: parsing arguments
002.064  000.050  000.050: require('vim._core.shared')
002.115  000.002  000.002: require('string.buffer')
002.133  000.030  000.028: require('vim.inspect')
002.170  000.033  000.033: require('vim._core.options')
002.172  000.104  000.041: require('vim._core.editor')
002.218  000.045  000.045: require('vim._core.system')
002.219  000.222  000.023: require('vim._init_packages')
002.220  000.503: init lua interpreter
004.479  002.259: nvim_ui_attach
004.708  000.230: nvim_set_client_info
004.709  000.001: --- NVIM STARTED ---

--- Startup times for process: Embedded ---

times in msec
 clock   self+sourced   self:  sourced script
 clock   elapsed:              other lines

000.000  000.000: --- NVIM STARTING ---
000.053  000.053: event init
000.167  000.114: early init
000.437  000.270: locale set
000.458  000.021: init first window
000.723  000.264: inits 1
000.734  000.011: window checked
000.736  000.002: parsing arguments
001.042  000.028  000.028: require('vim._core.shared')
001.088  000.002  000.002: require('string.buffer')
001.103  000.026  000.024: require('vim.inspect')
001.132  000.025  000.025: require('vim._core.options')
001.133  000.087  000.036: require('vim._core.editor')
001.167  000.033  000.033: require('vim._core.system')
001.168  000.170  000.022: require('vim._init_packages')
001.170  000.263: init lua interpreter
002.816  001.646: expanding arguments
002.831  000.015: inits 2
003.023  000.193: init highlight
003.024  000.001: waiting for UI
003.143  000.120: done waiting for UI
003.159  000.016: clear screen
003.270  000.009  000.009: require('vim.keymap')
004.018  000.094  000.094: sourcing nvim_exec2()
004.044  000.006  000.006: require('vim._core.log')
006.551  003.389  003.280: require('vim._core.defaults')
006.553  000.004: init default mappings & autocommands
007.253  000.227  000.227: sourcing /opt/homebrew/Cellar/neovim/0.12.4/share/nvim/runtime/ftplugin.vim
007.458  000.147  000.147: sourcing /opt/homebrew/Cellar/neovim/0.12.4/share/nvim/runtime/indent.vim
007.783  000.022  000.022: require('vim._core.ui2')
008.421  000.583  000.583: require('vim._core.ui2.cmdline')
009.266  000.844  000.844: require('vim._core.ui2.messages')
009.703  000.390  000.390: require('configs.autocmds')
009.949  000.244  000.244: require('configs.cmds')
010.337  000.008  000.008: sourcing nvim_exec2() called at /Users/rizki/.dotfiles/nvim/.config/nvim-next/init.lua:0
010.350  000.010  000.010: sourcing nvim_exec2() called at /Users/rizki/.dotfiles/nvim/.config/nvim-next/init.lua:0
010.352  000.002  000.002: sourcing nvim_exec2() called at /Users/rizki/.dotfiles/nvim/.config/nvim-next/init.lua:0
010.361  000.007  000.007: sourcing nvim_exec2() called at /Users/rizki/.dotfiles/nvim/.config/nvim-next/init.lua:0
010.366  000.003  000.003: sourcing nvim_exec2() called at /Users/rizki/.dotfiles/nvim/.config/nvim-next/init.lua:0
010.368  000.001  000.001: sourcing nvim_exec2() called at /Users/rizki/.dotfiles/nvim/.config/nvim-next/init.lua:0
010.380  000.011  000.011: sourcing nvim_exec2() called at /Users/rizki/.dotfiles/nvim/.config/nvim-next/init.lua:0
010.412  000.024  000.024: sourcing nvim_exec2() called at /Users/rizki/.dotfiles/nvim/.config/nvim-next/init.lua:0
010.414  000.463  000.397: require('configs.options')
011.153  000.739  000.739: require('configs.keymaps')
011.542  000.386  000.386: require('configs.tabline')
013.067  000.406  000.406: require('vim._async')
013.080  001.535  001.129: require('vim.pack')
013.134  000.045  000.045: require('vim.fs')
013.309  000.005  000.005: require('vim.F')
014.277  000.526  000.526: require('catppuccin')
014.938  000.314  000.314: require('catppuccin.lib.hashing')
016.645  001.508  001.508: sourcing /Users/rizki/.local/share/nvim-next/site/pack/core/opt/nvim/colors/catppuccin-macchiato.lua
016.652  001.695  000.187: sourcing nvim_exec2() called at /Users/rizki/.dotfiles/nvim/.config/nvim-next/init.lua:0
018.586  000.221  000.221: require('mason-core.path')
019.423  000.189  000.189: require('mason-core.functional.data')
019.656  000.231  000.231: require('mason-core.functional.function')
019.864  000.206  000.206: require('mason-core.functional.list')
020.070  000.202  000.202: require('mason-core.functional.relation')
020.289  000.216  000.216: require('mason-core.functional.logic')
020.502  000.211  000.211: require('mason-core.functional.number')
020.705  000.201  000.201: require('mason-core.functional.string')
020.929  000.209  000.209: require('mason-core.functional.table')
021.712  000.779  000.779: require('mason-core.functional.type')
021.714  002.805  000.362: require('mason-core.functional')
021.744  003.157  000.352: require('mason-core.platform')
021.920  000.175  000.175: require('mason.settings')
021.923  003.797  000.245: require('mason-core.installer.InstallLocation')
022.566  000.244  000.244: require('mason-core.log')
022.568  000.415  000.170: require('mason-core.EventEmitter')
022.800  000.231  000.231: require('mason-registry.sources')
022.877  000.952  000.307: require('mason-registry')
022.880  005.001  000.251: require('mason')
023.301  000.401  000.401: require('mason.api.command')
023.744  000.239  000.239: require('mason-lspconfig.settings')
023.746  000.438  000.199: require('mason-lspconfig')
024.025  000.238  000.238: require('mason-core.async')
024.366  000.122  000.122: require('mason-core.async.uv')
024.370  000.343  000.221: require('mason-core.fs')
024.918  000.192  000.192: require('mason-core.result')
025.611  000.253  000.253: require('mason-core.process')
025.786  000.174  000.174: require('mason-core.spawn')
025.788  000.653  000.227: require('mason-core.installer.managers.powershell')
025.985  000.196  000.196: require('mason.version')
025.986  001.067  000.217: require('mason-core.fetch')
026.115  000.128  000.128: require('mason-core.providers')
026.555  000.202  000.202: require('mason-core.optional')
027.154  000.249  000.249: require('mason-core.purl')
027.322  000.167  000.167: require('mason-core.async.control')
027.329  000.604  000.189: require('mason-core.package.AbstractPackage')
028.495  000.235  000.235: require('mason-core.installer.compiler.expr')
028.502  000.636  000.401: require('mason-core.installer.compiler.link')
030.014  000.183  000.183: require('mason-core.installer.context.InstallContextCwd')
030.228  000.213  000.213: require('mason-core.installer.context.InstallContextFs')
030.852  000.623  000.623: require('mason-core.installer.context.InstallContextSpawn')
031.123  000.269  000.269: require('mason-core.receipt')
031.135  001.673  000.385: require('mason-core.installer.context')
031.136  001.915  000.242: require('mason-core.installer')
031.148  002.445  000.530: require('mason-core.installer.managers.std')
031.151  002.648  000.203: require('mason-core.installer.compiler.schemas')
031.295  000.144  000.144: require('mason-core.installer.compiler.util')
031.301  003.748  000.320: require('mason-core.installer.compiler')
031.669  000.366  000.366: require('mason-core.installer.linker')
031.671  004.341  000.228: require('mason-core.installer.InstallRunner')
031.913  000.241  000.241: require('mason-core.installer.UninstallRunner')
031.929  005.374  000.187: require('mason-core.package')
031.935  005.819  000.243: require('mason-registry.sources.util')
031.955  007.432  000.226: require('mason-registry.sources.github')
032.380  000.291  000.291: require('mason-registry.sources.synthesized')
035.922  000.223  000.223: require('mason-lspconfig.notify')
035.953  000.531  000.309: require('mason-lspconfig.api.command')
038.303  001.151  001.151: require('vim.lsp.protocol')
038.322  001.444  000.293: require('vim.lsp.log')
039.448  000.005  000.005: require('vim._core.util')
039.457  001.134  001.129: require('vim.lsp.util')
040.158  000.324  000.324: require('vim.lsp.sync')
040.161  000.702  000.378: require('vim.lsp._changetracking')
040.784  000.274  000.274: require('vim.lsp._transport')
040.789  000.004  000.004: require('vim._core.stringbuffer')
040.813  000.650  000.373: require('vim.lsp.rpc')
040.856  004.901  000.971: require('vim.lsp')
041.544  000.651  000.651: require('vim.iter')
044.820  001.316  001.316: require('vim.diagnostic')
045.091  000.249  000.249: require('catppuccin.palettes')
045.353  000.260  000.260: require('catppuccin.palettes.macchiato')
045.385  027.873  005.822: require('configs.lsp')
045.702  000.316  000.316: require('nvim-treesitter.config')
047.965  000.189  000.189: require('nvim-autopairs._log')
048.256  000.290  000.290: require('nvim-autopairs.utils')
048.260  000.798  000.318: require('nvim-autopairs.conds')
048.263  001.062  000.264: require('nvim-autopairs.rule')
048.266  001.293  000.231: require('nvim-autopairs.rules.basic')
048.311  002.299  001.007: require('nvim-autopairs')
050.253  000.418  000.418: require('colorizer.color')
051.242  000.013  000.013: require('ffi')
051.307  000.368  000.355: require('colorizer.utils')
051.553  000.244  000.244: require('colorizer.parser.registry')
052.187  000.361  000.361: require('colorizer.parser.rgba_hex')
052.364  000.176  000.176: require('colorizer.parser.argb_hex')
052.525  000.160  000.160: require('colorizer.parser.hex_no_hash')
053.183  000.118  000.118: require('colorizer.constants')
053.186  000.660  000.542: require('colorizer.parser.xterm')
053.354  000.167  000.167: require('colorizer.parser.ls_colors')
053.518  000.164  000.164: require('colorizer.parser.rgb')
053.655  000.135  000.135: require('colorizer.parser.hsl')
054.141  000.352  000.352: require('colorizer.hsluv')
054.146  000.490  000.138: require('colorizer.parser.hsluv')
054.315  000.168  000.168: require('colorizer.parser.oklch')
054.469  000.154  000.154: require('colorizer.parser.hwb')
054.620  000.150  000.150: require('colorizer.parser.lab')
054.764  000.143  000.143: require('colorizer.parser.lch')
054.918  000.153  000.153: require('colorizer.parser.css_color')
055.582  000.280  000.280: require('colorizer.trie')
055.600  000.682  000.401: require('colorizer.parser.names')
055.843  000.242  000.242: require('colorizer.parser.sass')
055.988  000.144  000.144: require('colorizer.parser.xcolor')
056.104  000.115  000.115: require('colorizer.parser.css_var_rgb')
056.258  000.153  000.153: require('colorizer.parser.css_var')
056.259  004.705  000.288: require('colorizer.parser')
056.624  000.334  000.334: require('vim.hl')
056.691  006.437  000.787: require('colorizer.config')
057.118  000.425  000.425: require('colorizer.matcher')
057.280  000.161  000.161: require('colorizer.tailwind')
057.283  007.837  000.395: require('colorizer.buffer')
057.287  008.467  000.630: require('colorizer')
057.609  000.107  000.107: require('colorizer.usercmds')
058.552  000.171  000.171: require('flash')
058.818  000.262  000.262: require('flash.config')
059.380  000.234  000.234: require('flash.require')
059.384  000.504  000.270: require('flash.plugins.search')
059.688  000.294  000.294: require('flash.plugins.char')
059.844  000.155  000.155: require('flash.repeat')
059.910  001.785  000.399: require('configs/flash')
060.142  000.230  000.230: require('configs/commander')
061.843  001.455  001.455: require('mini.extra')
062.980  001.135  001.135: require('mini.git')
064.383  001.323  001.323: require('mini.icons')
065.475  001.045  001.045: require('mini.completion')
066.614  001.033  001.033: require('mini.diff')
069.429  002.481  002.481: require('mini.pick')
069.866  000.396  000.396: require('vim.ui')
069.879  003.207  000.330: require('configs.mini-pick')
072.160  000.304  000.304: require('vim.uri')
072.163  002.056  001.752: require('mini.files')
072.223  000.040  000.040: sourcing nvim_exec2() called at /Users/rizki/.dotfiles/nvim/.config/nvim-next/init.lua:0
072.229  000.003  000.003: sourcing nvim_exec2() called at /Users/rizki/.dotfiles/nvim/.config/nvim-next/init.lua:0
072.243  002.364  000.266: require('configs.mini-files')
074.122  001.661  001.661: require('mini.clue')
074.214  001.970  000.309: require('configs.mini-clue')
074.824  000.357  000.357: require('mini.statusline')
074.846  000.631  000.274: require('configs.mini-statusline')
074.848  067.277  004.247: sourcing /Users/rizki/.config/nvim-next/init.lua
074.858  000.655: sourcing vimrc file(s)
075.368  000.109  000.109: sourcing /Users/rizki/.local/share/nvim-next/site/pack/core/opt/vim-fugitive/ftdetect/fugitive.vim
075.415  000.270  000.161: sourcing nvim_exec2() called at /opt/homebrew/Cellar/neovim/0.12.4/share/nvim/runtime/filetype.lua:0
075.416  000.458  000.188: sourcing /opt/homebrew/Cellar/neovim/0.12.4/share/nvim/runtime/filetype.lua
075.811  000.131  000.131: sourcing /opt/homebrew/Cellar/neovim/0.12.4/share/nvim/runtime/syntax/synload.vim
075.861  000.383  000.252: sourcing /opt/homebrew/Cellar/neovim/0.12.4/share/nvim/runtime/syntax/syntax.vim
077.016  000.807  000.807: sourcing /Users/rizki/.local/share/nvim-next/site/pack/core/opt/vim-fugitive/plugin/fugitive.vim
077.325  000.156  000.156: sourcing /Users/rizki/.local/share/nvim-next/site/pack/core/opt/nvim-colorizer.lua/plugin/colorizer.lua
079.820  000.254  000.254: require('vim.treesitter.language')
080.026  000.204  000.204: require('vim.func')
080.314  000.287  000.287: require('vim.treesitter._range')
080.540  000.224  000.224: require('vim.func._memoize')
080.554  001.472  000.504: require('vim.treesitter.query')
080.563  002.253  000.781: require('vim.treesitter.languagetree')
080.566  002.765  000.512: require('vim.treesitter')
080.695  003.068  000.303: sourcing /Users/rizki/.local/share/nvim-next/site/pack/core/opt/nvim-treesitter/plugin/filetypes.lua
080.902  000.163  000.163: sourcing /Users/rizki/.local/share/nvim-next/site/pack/core/opt/nvim-treesitter/plugin/nvim-treesitter.lua
081.074  000.132  000.132: sourcing /Users/rizki/.local/share/nvim-next/site/pack/core/opt/nvim-treesitter/plugin/query_predicates.lua
081.921  000.141  000.141: sourcing /opt/homebrew/Cellar/neovim/0.12.4/share/nvim/runtime/plugin/gzip.vim
082.053  000.077  000.077: sourcing /opt/homebrew/Cellar/neovim/0.12.4/share/nvim/runtime/plugin/matchit.vim
082.353  000.250  000.250: sourcing /opt/homebrew/Cellar/neovim/0.12.4/share/nvim/runtime/plugin/matchparen.vim
083.212  000.257  000.257: sourcing /opt/homebrew/Cellar/neovim/0.12.4/share/nvim/runtime/pack/dist/opt/netrw/plugin/netrwPlugin.vim
083.244  000.850  000.593: sourcing /opt/homebrew/Cellar/neovim/0.12.4/share/nvim/runtime/plugin/netrwPlugin.vim
083.396  000.109  000.109: sourcing /opt/homebrew/Cellar/neovim/0.12.4/share/nvim/runtime/plugin/rplugin.vim
083.563  000.126  000.126: sourcing /opt/homebrew/Cellar/neovim/0.12.4/share/nvim/runtime/plugin/tarPlugin.vim
083.677  000.070  000.070: sourcing /opt/homebrew/Cellar/neovim/0.12.4/share/nvim/runtime/plugin/tutor.vim
084.223  000.506  000.506: sourcing /opt/homebrew/Cellar/neovim/0.12.4/share/nvim/runtime/plugin/zipPlugin.vim
084.333  000.056  000.056: sourcing /opt/homebrew/Cellar/neovim/0.12.4/share/nvim/runtime/plugin/editorconfig.lua
084.450  000.070  000.070: sourcing /opt/homebrew/Cellar/neovim/0.12.4/share/nvim/runtime/plugin/man.lua
084.587  000.097  000.097: sourcing /opt/homebrew/Cellar/neovim/0.12.4/share/nvim/runtime/plugin/net.lua
084.707  000.080  000.080: sourcing /opt/homebrew/Cellar/neovim/0.12.4/share/nvim/runtime/plugin/osc52.lua
084.868  000.118  000.118: sourcing /opt/homebrew/Cellar/neovim/0.12.4/share/nvim/runtime/plugin/shada.lua
084.949  000.036  000.036: sourcing /opt/homebrew/Cellar/neovim/0.12.4/share/nvim/runtime/plugin/spellfile.lua
084.970  002.361: loading rtp plugins
085.123  000.153: loading packages
085.135  000.011: loading after plugins
085.141  000.007: inits 3
085.708  000.567: reading ShaDa
085.829  000.121: opening buffers
085.881  000.052: BufEnter autocommands
085.882  000.001: editing files in windows
085.918  000.036: VimEnter autocommands
085.928  000.010: UIEnter autocommands
086.305  000.291  000.291: sourcing /opt/homebrew/Cellar/neovim/0.12.4/share/nvim/runtime/autoload/provider/clipboard.vim
086.308  000.090: before starting main loop
086.906  000.189  000.189: require('vim.lsp._capability')
086.909  000.593  000.404: require('vim.lsp._folding_range')
087.538  000.417  000.417: require('editorconfig')
088.464  000.880  000.880: require('vim.filetype')
089.954  001.227  001.227: require('vim.filetype.detect')
090.253  000.827: first screen update
090.253  000.001: --- NVIM STARTED ---

--- Startup times for process: Primary (or UI client) ---

times in msec
 clock   self+sourced   self:  sourced script
 clock   elapsed:              other lines

000.000  000.000: --- NVIM STARTING ---
000.098  000.098: event init
000.232  000.134: early init
000.549  000.317: locale set
000.570  000.021: init first window
000.867  000.297: inits 1
000.874  000.007: window checked
000.876  000.003: parsing arguments
001.202  000.026  000.026: require('vim._core.shared')
001.258  000.002  000.002: require('string.buffer')
001.272  000.025  000.023: require('vim.inspect')
001.300  000.023  000.023: require('vim._core.options')
001.301  000.097  000.049: require('vim._core.editor')
001.335  000.033  000.033: require('vim._core.system')
001.336  000.180  000.023: require('vim._init_packages')
001.337  000.281: init lua interpreter
003.600  002.263: nvim_ui_attach
004.236  000.635: nvim_set_client_info
004.239  000.003: --- NVIM STARTED ---

--- Startup times for process: Embedded ---

times in msec
 clock   self+sourced   self:  sourced script
 clock   elapsed:              other lines

000.001  000.001: --- NVIM STARTING ---
000.095  000.095: event init
000.295  000.199: early init
000.807  000.512: locale set
000.838  000.031: init first window
001.377  000.540: inits 1
001.393  000.015: window checked
001.397  000.004: parsing arguments
002.055  000.064  000.064: require('vim._core.shared')
002.156  000.004  000.004: require('string.buffer')
002.190  000.061  000.057: require('vim.inspect')
002.277  000.075  000.075: require('vim._core.options')
002.280  000.222  000.085: require('vim._core.editor')
002.353  000.071  000.071: require('vim._core.system')
002.355  000.398  000.041: require('vim._init_packages')
002.357  000.562: init lua interpreter
004.659  002.302: expanding arguments
004.675  000.015: inits 2
005.034  000.359: init highlight
005.035  000.001: waiting for UI
005.218  000.183: done waiting for UI
005.240  000.022: clear screen
005.415  000.014  000.014: require('vim.keymap')
006.497  000.190  000.190: sourcing nvim_exec2()
006.529  000.004  000.004: require('vim._core.log')
011.320  006.077  005.869: require('vim._core.defaults')
011.323  000.006: init default mappings & autocommands
012.075  000.054  000.054: sourcing /opt/homebrew/Cellar/neovim/0.12.4/share/nvim/runtime/ftplugin.vim
012.186  000.030  000.030: sourcing /opt/homebrew/Cellar/neovim/0.12.4/share/nvim/runtime/indent.vim
012.465  000.028  000.028: require('vim._core.ui2')
013.011  000.482  000.482: require('vim._core.ui2.cmdline')
013.690  000.677  000.677: require('vim._core.ui2.messages')
013.890  000.171  000.171: require('configs.autocmds')
013.993  000.102  000.102: require('configs.cmds')
015.896  000.994  000.994: require('vim.lsp.protocol')
015.932  000.030  000.030: require('vim.fs')
015.958  001.220  000.196: require('vim.lsp.log')
017.118  000.007  000.007: require('vim._core.util')
017.128  001.168  001.161: require('vim.lsp.util')
017.575  000.199  000.199: require('vim.lsp.sync')
017.578  000.448  000.249: require('vim.lsp._changetracking')
018.027  000.159  000.159: require('vim.lsp._transport')
018.032  000.003  000.003: require('vim._core.stringbuffer')
018.058  000.479  000.316: require('vim.lsp.rpc')
018.076  003.910  000.596: require('vim.lsp')
018.430  000.148  000.148: require('vim.lsp._capability')
018.433  000.355  000.207: require('vim.lsp._folding_range')
018.438  000.003  000.003: require('vim.F')
018.534  000.009  000.009: sourcing nvim_exec2() called at /Users/rizki/.dotfiles/nvim/.config/nvim-next/init.lua:0
018.546  000.010  000.010: sourcing nvim_exec2() called at /Users/rizki/.dotfiles/nvim/.config/nvim-next/init.lua:0
018.549  000.002  000.002: sourcing nvim_exec2() called at /Users/rizki/.dotfiles/nvim/.config/nvim-next/init.lua:0
018.559  000.009  000.009: sourcing nvim_exec2() called at /Users/rizki/.dotfiles/nvim/.config/nvim-next/init.lua:0
018.565  000.004  000.004: sourcing nvim_exec2() called at /Users/rizki/.dotfiles/nvim/.config/nvim-next/init.lua:0
018.567  000.001  000.001: sourcing nvim_exec2() called at /Users/rizki/.dotfiles/nvim/.config/nvim-next/init.lua:0
018.579  000.011  000.011: sourcing nvim_exec2() called at /Users/rizki/.dotfiles/nvim/.config/nvim-next/init.lua:0
018.601  000.016  000.016: sourcing nvim_exec2() called at /Users/rizki/.dotfiles/nvim/.config/nvim-next/init.lua:0
018.603  004.609  000.280: require('configs.options')
019.125  000.521  000.521: require('configs.keymaps')
019.280  000.154  000.154: require('configs.tabline')
020.045  000.123  000.123: require('vim._async')
020.052  000.771  000.648: require('vim.pack')
020.661  000.196  000.196: require('catppuccin')
020.869  000.091  000.091: require('catppuccin.lib.hashing')
021.901  000.836  000.836: sourcing /Users/rizki/.local/share/nvim-next/site/pack/core/opt/nvim/colors/catppuccin-macchiato.lua
021.904  000.995  000.159: sourcing nvim_exec2() called at /Users/rizki/.dotfiles/nvim/.config/nvim-next/init.lua:0
023.149  000.105  000.105: require('mason-core.path')
023.728  000.125  000.125: require('mason-core.functional.data')
023.933  000.203  000.203: require('mason-core.functional.function')
024.134  000.195  000.195: require('mason-core.functional.list')
024.232  000.093  000.093: require('mason-core.functional.relation')
024.333  000.100  000.100: require('mason-core.functional.logic')
024.421  000.086  000.086: require('mason-core.functional.number')
024.543  000.119  000.119: require('mason-core.functional.string')
024.661  000.116  000.116: require('mason-core.functional.table')
024.760  000.083  000.083: require('mason-core.functional.type')
024.761  001.354  000.234: require('mason-core.functional')
024.790  001.641  000.286: require('mason-core.platform')
024.915  000.123  000.123: require('mason.settings')
024.917  002.001  000.132: require('mason-core.installer.InstallLocation')
025.409  000.227  000.227: require('mason-core.log')
025.411  000.327  000.100: require('mason-core.EventEmitter')
025.585  000.173  000.173: require('mason-registry.sources')
025.652  000.734  000.233: require('mason-registry')
025.653  002.850  000.115: require('mason')
025.896  000.213  000.213: require('mason.api.command')
026.111  000.085  000.085: require('mason-lspconfig.settings')
026.113  000.214  000.129: require('mason-lspconfig')
026.278  000.160  000.160: require('mason-core.async')
026.541  000.101  000.101: require('mason-core.async.uv')
026.545  000.266  000.165: require('mason-core.fs')
026.868  000.135  000.135: require('mason-core.result')
027.290  000.189  000.189: require('mason-core.process')
027.431  000.140  000.140: require('mason-core.spawn')
027.433  000.428  000.099: require('mason-core.installer.managers.powershell')
027.511  000.078  000.078: require('mason.version')
027.513  000.644  000.139: require('mason-core.fetch')
027.634  000.120  000.120: require('mason-core.providers')
027.832  000.105  000.105: require('mason-core.optional')
028.357  000.222  000.222: require('mason-core.purl')
028.488  000.130  000.130: require('mason-core.async.control')
028.492  000.518  000.166: require('mason-core.package.AbstractPackage')
029.277  000.139  000.139: require('mason-core.installer.compiler.expr')
029.282  000.345  000.205: require('mason-core.installer.compiler.link')
029.983  000.102  000.102: require('mason-core.installer.context.InstallContextCwd')
030.105  000.120  000.120: require('mason-core.installer.context.InstallContextFs')
030.207  000.101  000.101: require('mason-core.installer.context.InstallContextSpawn')
030.341  000.133  000.133: require('mason-core.receipt')
030.351  000.677  000.221: require('mason-core.installer.context')
030.352  000.764  000.087: require('mason-core.installer')
030.359  000.955  000.190: require('mason-core.installer.managers.std')
030.360  001.077  000.122: require('mason-core.installer.compiler.schemas')
030.474  000.113  000.113: require('mason-core.installer.compiler.util')
030.478  001.759  000.225: require('mason-core.installer.compiler')
030.637  000.158  000.158: require('mason-core.installer.linker')
030.640  002.147  000.230: require('mason-core.installer.InstallRunner')
030.765  000.125  000.125: require('mason-core.installer.UninstallRunner')
030.770  002.937  000.147: require('mason-core.package')
030.772  003.137  000.095: require('mason-registry.sources.util')
030.779  004.197  000.161: require('mason-registry.sources.github')
031.006  000.131  000.131: require('mason-registry.sources.synthesized')
034.236  000.085  000.085: require('mason-lspconfig.notify')
034.249  000.264  000.178: require('mason-lspconfig.api.command')
034.726  000.377  000.377: require('vim.iter')
036.975  001.155  001.155: require('vim.diagnostic')
037.111  000.113  000.113: require('catppuccin.palettes')
037.213  000.101  000.101: require('catppuccin.palettes.macchiato')
037.241  014.572  004.531: require('configs.lsp')
037.388  000.146  000.146: require('nvim-treesitter.config')
039.166  000.089  000.089: require('nvim-autopairs._log')
039.324  000.157  000.157: require('nvim-autopairs.utils')
039.327  000.492  000.246: require('nvim-autopairs.conds')
039.362  000.737  000.246: require('nvim-autopairs.rule')
039.364  000.910  000.172: require('nvim-autopairs.rules.basic')
039.368  001.720  000.810: require('nvim-autopairs')
040.762  000.257  000.257: require('colorizer.color')
041.347  000.008  000.008: require('ffi')
041.399  000.224  000.216: require('colorizer.utils')
041.510  000.110  000.110: require('colorizer.parser.registry')
041.724  000.124  000.124: require('colorizer.parser.rgba_hex')
041.834  000.109  000.109: require('colorizer.parser.argb_hex')
041.936  000.101  000.101: require('colorizer.parser.hex_no_hash')
042.402  000.086  000.086: require('colorizer.constants')
042.404  000.467  000.381: require('colorizer.parser.xterm')
042.528  000.122  000.122: require('colorizer.parser.ls_colors')
042.651  000.122  000.122: require('colorizer.parser.rgb')
042.758  000.106  000.106: require('colorizer.parser.hsl')
043.146  000.279  000.279: require('colorizer.hsluv')
043.148  000.389  000.110: require('colorizer.parser.hsluv')
043.275  000.127  000.127: require('colorizer.parser.oklch')
043.390  000.113  000.113: require('colorizer.parser.hwb')
043.501  000.111  000.111: require('colorizer.parser.lab')
043.613  000.111  000.111: require('colorizer.parser.lch')
043.725  000.112  000.112: require('colorizer.parser.css_color')
044.190  000.258  000.258: require('colorizer.trie')
044.213  000.486  000.229: require('colorizer.parser.names')
044.451  000.237  000.237: require('colorizer.parser.sass')
044.570  000.117  000.117: require('colorizer.parser.xcolor')
044.670  000.099  000.099: require('colorizer.parser.css_var_rgb')
044.817  000.146  000.146: require('colorizer.parser.css_var')
044.818  003.306  000.105: require('colorizer.parser')
045.007  000.162  000.162: require('vim.hl')
045.069  004.307  000.504: require('colorizer.config')
045.334  000.263  000.263: require('colorizer.matcher')
045.474  000.140  000.140: require('colorizer.tailwind')
045.477  005.203  000.236: require('colorizer.buffer')
045.482  005.546  000.344: require('colorizer')
045.772  000.090  000.090: require('colorizer.usercmds')
046.516  000.081  000.081: require('flash')
046.689  000.170  000.170: require('flash.config')
046.986  000.088  000.088: require('flash.require')
046.989  000.224  000.136: require('flash.plugins.search')
047.196  000.198  000.198: require('flash.plugins.char')
047.290  000.092  000.092: require('flash.repeat')
047.371  001.077  000.311: require('configs/flash')
047.506  000.134  000.134: require('configs/commander')
049.018  001.263  001.263: require('mini.extra')
049.882  000.862  000.862: require('mini.git')
051.524  001.541  001.541: require('mini.icons')
052.612  001.032  001.032: require('mini.completion')
053.793  001.055  001.055: require('mini.diff')
055.911  001.828  001.828: require('mini.pick')
056.318  000.255  000.255: require('vim.ui')
056.332  002.388  000.305: require('configs.mini-pick')
057.755  000.137  000.137: require('vim.uri')
057.759  001.318  001.182: require('mini.files')
057.808  000.039  000.039: sourcing nvim_exec2() called at /Users/rizki/.dotfiles/nvim/.config/nvim-next/init.lua:0
057.814  000.003  000.003: sourcing nvim_exec2() called at /Users/rizki/.dotfiles/nvim/.config/nvim-next/init.lua:0
057.836  001.503  000.142: require('configs.mini-files')
058.758  000.817  000.817: require('mini.clue')
058.839  001.003  000.186: require('configs.mini-clue')
059.242  000.290  000.290: require('mini.statusline')
059.318  000.477  000.187: require('configs.mini-statusline')
059.319  046.998  003.793: sourcing /Users/rizki/.config/nvim-next/init.lua
059.325  000.920: sourcing vimrc file(s)
059.592  000.009  000.009: sourcing /Users/rizki/.local/share/nvim-next/site/pack/core/opt/vim-fugitive/ftdetect/fugitive.vim
059.636  000.174  000.165: sourcing nvim_exec2() called at /opt/homebrew/Cellar/neovim/0.12.4/share/nvim/runtime/filetype.lua:0
059.637  000.216  000.042: sourcing /opt/homebrew/Cellar/neovim/0.12.4/share/nvim/runtime/filetype.lua
059.821  000.048  000.048: sourcing /opt/homebrew/Cellar/neovim/0.12.4/share/nvim/runtime/syntax/synload.vim
059.882  000.186  000.138: sourcing /opt/homebrew/Cellar/neovim/0.12.4/share/nvim/runtime/syntax/syntax.vim
060.722  000.491  000.491: sourcing /Users/rizki/.local/share/nvim-next/site/pack/core/opt/vim-fugitive/plugin/fugitive.vim
060.890  000.018  000.018: sourcing /Users/rizki/.local/share/nvim-next/site/pack/core/opt/nvim-colorizer.lua/plugin/colorizer.lua
062.730  000.159  000.159: require('vim.treesitter.language')
062.834  000.102  000.102: require('vim.func')
062.987  000.151  000.151: require('vim.treesitter._range')
063.114  000.125  000.125: require('vim.func._memoize')
063.130  000.982  000.445: require('vim.treesitter.query')
063.137  001.589  000.607: require('vim.treesitter.languagetree')
063.140  001.895  000.306: require('vim.treesitter')
063.288  002.094  000.199: sourcing /Users/rizki/.local/share/nvim-next/site/pack/core/opt/nvim-treesitter/plugin/filetypes.lua
063.389  000.056  000.056: sourcing /Users/rizki/.local/share/nvim-next/site/pack/core/opt/nvim-treesitter/plugin/nvim-treesitter.lua
063.460  000.030  000.030: sourcing /Users/rizki/.local/share/nvim-next/site/pack/core/opt/nvim-treesitter/plugin/query_predicates.lua
064.225  000.027  000.027: sourcing /opt/homebrew/Cellar/neovim/0.12.4/share/nvim/runtime/plugin/gzip.vim
064.270  000.007  000.007: sourcing /opt/homebrew/Cellar/neovim/0.12.4/share/nvim/runtime/plugin/matchit.vim
064.388  000.086  000.086: sourcing /opt/homebrew/Cellar/neovim/0.12.4/share/nvim/runtime/plugin/matchparen.vim
065.088  000.123  000.123: sourcing /opt/homebrew/Cellar/neovim/0.12.4/share/nvim/runtime/pack/dist/opt/netrw/plugin/netrwPlugin.vim
065.122  000.699  000.576: sourcing /opt/homebrew/Cellar/neovim/0.12.4/share/nvim/runtime/plugin/netrwPlugin.vim
065.246  000.081  000.081: sourcing /opt/homebrew/Cellar/neovim/0.12.4/share/nvim/runtime/plugin/rplugin.vim
065.293  000.007  000.007: sourcing /opt/homebrew/Cellar/neovim/0.12.4/share/nvim/runtime/plugin/tarPlugin.vim
065.342  000.010  000.010: sourcing /opt/homebrew/Cellar/neovim/0.12.4/share/nvim/runtime/plugin/tutor.vim
065.388  000.008  000.008: sourcing /opt/homebrew/Cellar/neovim/0.12.4/share/nvim/runtime/plugin/zipPlugin.vim
065.458  000.029  000.029: sourcing /opt/homebrew/Cellar/neovim/0.12.4/share/nvim/runtime/plugin/editorconfig.lua
065.538  000.041  000.041: sourcing /opt/homebrew/Cellar/neovim/0.12.4/share/nvim/runtime/plugin/man.lua
065.652  000.075  000.075: sourcing /opt/homebrew/Cellar/neovim/0.12.4/share/nvim/runtime/plugin/net.lua
065.748  000.058  000.058: sourcing /opt/homebrew/Cellar/neovim/0.12.4/share/nvim/runtime/plugin/osc52.lua
065.854  000.065  000.065: sourcing /opt/homebrew/Cellar/neovim/0.12.4/share/nvim/runtime/plugin/shada.lua
065.918  000.021  000.021: sourcing /opt/homebrew/Cellar/neovim/0.12.4/share/nvim/runtime/plugin/spellfile.lua
065.940  002.310: loading rtp plugins
066.100  000.161: loading packages
066.111  000.011: loading after plugins
066.118  000.006: inits 3
066.720  000.602: reading ShaDa
066.836  000.116: opening buffers
066.873  000.037: BufEnter autocommands
066.875  000.002: editing files in windows
066.911  000.036: VimEnter autocommands
066.921  000.010: UIEnter autocommands
067.157  000.153  000.153: sourcing /opt/homebrew/Cellar/neovim/0.12.4/share/nvim/runtime/autoload/provider/clipboard.vim
067.160  000.085: before starting main loop
067.617  000.249  000.249: require('editorconfig')
068.483  000.853  000.853: require('vim.filetype')
069.592  000.884  000.884: require('vim.filetype.detect')
069.911  000.766: first screen update
069.912  000.001: --- NVIM STARTED ---

--- Startup times for process: Primary (or UI client) ---

times in msec
 clock   self+sourced   self:  sourced script
 clock   elapsed:              other lines

000.000  000.000: --- NVIM STARTING ---
000.104  000.104: event init
000.162  000.058: early init
000.190  000.028: locale set
000.223  000.033: init first window
000.463  000.240: inits 1
000.469  000.006: window checked
000.471  000.002: parsing arguments
000.821  000.034  000.034: require('vim._core.shared')
000.888  000.002  000.002: require('string.buffer')
000.913  000.039  000.037: require('vim.inspect')
000.994  000.076  000.076: require('vim._core.options')
000.998  000.175  000.060: require('vim._core.editor')
001.034  000.035  000.035: require('vim._core.system')
001.035  000.262  000.017: require('vim._init_packages')
001.037  000.304: init lua interpreter
002.712  001.676: nvim_ui_attach
002.933  000.221: nvim_set_client_info
002.934  000.001: --- NVIM STARTED ---

--- Startup times for process: Embedded ---

times in msec
 clock   self+sourced   self:  sourced script
 clock   elapsed:              other lines

000.000  000.000: --- NVIM STARTING ---
000.088  000.088: event init
000.141  000.053: early init
000.169  000.027: locale set
000.194  000.025: init first window
000.390  000.196: inits 1
000.400  000.010: window checked
000.401  000.001: parsing arguments
000.742  000.036  000.036: require('vim._core.shared')
000.798  000.002  000.002: require('string.buffer')
000.818  000.036  000.034: require('vim.inspect')
000.864  000.041  000.041: require('vim._core.options')
000.866  000.121  000.045: require('vim._core.editor')
000.891  000.025  000.025: require('vim._core.system')
000.892  000.194  000.012: require('vim._init_packages')
000.892  000.297: init lua interpreter
000.940  000.048: expanding arguments
000.958  000.018: inits 2
001.139  000.181: init highlight
001.140  000.001: waiting for UI
001.283  000.143: done waiting for UI
001.288  000.004: clear screen
001.396  000.007  000.007: require('vim.keymap')
002.138  000.120  000.120: sourcing nvim_exec2()
002.172  000.006  000.006: require('vim._core.log')
003.181  001.892  001.759: require('vim._core.defaults')
003.183  000.004: init default mappings & autocommands
003.569  000.034  000.034: sourcing /usr/share/nvim/runtime/ftplugin.vim
003.608  000.013  000.013: sourcing /usr/share/nvim/runtime/indent.vim
003.731  000.026  000.026: require('vim._core.ui2')
003.935  000.152  000.152: require('vim._core.ui2.cmdline')
004.331  000.395  000.395: require('vim._core.ui2.messages')
004.461  000.090  000.090: require('configs.autocmds')
004.489  000.026  000.026: require('configs.cmds')
005.895  000.718  000.718: require('vim.lsp.protocol')
005.946  000.034  000.034: require('vim.fs')
005.967  000.878  000.125: require('vim.lsp.log')
006.844  000.005  000.005: require('vim._core.util')
006.852  000.883  000.879: require('vim.lsp.util')
007.080  000.097  000.097: require('vim.lsp.sync')
007.083  000.230  000.133: require('vim.lsp._changetracking')
007.340  000.076  000.076: require('vim.lsp._transport')
007.344  000.003  000.003: require('vim._core.stringbuffer')
007.369  000.285  000.206: require('vim.lsp.rpc')
007.385  002.757  000.481: require('vim.lsp')
007.581  000.066  000.066: require('vim.lsp._capability')
007.584  000.197  000.131: require('vim.lsp._folding_range')
007.589  000.002  000.002: require('vim.F')
007.618  000.006  000.006: sourcing nvim_exec2() called at /home/rizki/.dotfiles/nvim/.config/nvim-next/init.lua:0
007.630  000.011  000.011: sourcing nvim_exec2() called at /home/rizki/.dotfiles/nvim/.config/nvim-next/init.lua:0
007.633  000.002  000.002: sourcing nvim_exec2() called at /home/rizki/.dotfiles/nvim/.config/nvim-next/init.lua:0
007.638  000.004  000.004: sourcing nvim_exec2() called at /home/rizki/.dotfiles/nvim/.config/nvim-next/init.lua:0
007.642  000.003  000.003: sourcing nvim_exec2() called at /home/rizki/.dotfiles/nvim/.config/nvim-next/init.lua:0
007.644  000.001  000.001: sourcing nvim_exec2() called at /home/rizki/.dotfiles/nvim/.config/nvim-next/init.lua:0
007.655  000.009  000.009: sourcing nvim_exec2() called at /home/rizki/.dotfiles/nvim/.config/nvim-next/init.lua:0
007.673  000.012  000.012: sourcing nvim_exec2() called at /home/rizki/.dotfiles/nvim/.config/nvim-next/init.lua:0
007.674  003.184  000.180: require('configs.options')
008.037  000.362  000.362: require('configs.keymaps')
008.133  000.094  000.094: require('configs.tabline')
008.733  000.055  000.055: require('vim._async')
008.741  000.606  000.551: require('vim.pack')
009.206  000.176  000.176: require('catppuccin')
009.354  000.055  000.055: require('catppuccin.lib.hashing')
011.363  001.920  001.920: sourcing /home/rizki/.local/share/nvim-next/site/pack/core/opt/nvim/colors/catppuccin-macchiato.lua
011.375  001.993  000.073: sourcing nvim_exec2() called at /home/rizki/.dotfiles/nvim/.config/nvim-next/init.lua:0
012.911  000.123  000.123: require('mason-core.path')
013.562  000.059  000.059: require('mason-core.functional.data')
013.637  000.073  000.073: require('mason-core.functional.function')
013.744  000.104  000.104: require('mason-core.functional.list')
013.778  000.030  000.030: require('mason-core.functional.relation')
013.832  000.033  000.033: require('mason-core.functional.logic')
013.865  000.031  000.031: require('mason-core.functional.number')
013.929  000.061  000.061: require('mason-core.functional.string')
013.976  000.046  000.046: require('mason-core.functional.table')
014.001  000.023  000.023: require('mason-core.functional.type')
014.002  000.703  000.244: require('mason-core.functional')
014.029  001.116  000.413: require('mason-core.platform')
014.086  000.055  000.055: require('mason.settings')
014.088  001.544  000.250: require('mason-core.installer.InstallLocation')
014.369  000.144  000.144: require('mason-core.log')
014.371  000.185  000.041: require('mason-core.EventEmitter')
014.508  000.135  000.135: require('mason-registry.sources')
014.617  000.528  000.208: require('mason-registry')
014.620  002.226  000.154: require('mason')
014.807  000.169  000.169: require('mason.api.command')
014.898  000.020  000.020: require('mason-lspconfig.settings')
014.900  000.085  000.066: require('mason-lspconfig')
015.018  000.094  000.094: require('mason-core.async')
015.124  000.021  000.021: require('mason-core.async.uv')
015.128  000.109  000.088: require('mason-core.fs')
015.316  000.067  000.067: require('mason-core.result')
015.536  000.119  000.119: require('mason-core.process')
015.610  000.074  000.074: require('mason-core.spawn')
015.612  000.227  000.034: require('mason-core.installer.managers.powershell')
015.630  000.017  000.017: require('mason.version')
015.632  000.315  000.070: require('mason-core.fetch')
015.670  000.037  000.037: require('mason-core.providers')
015.783  000.049  000.049: require('mason-core.optional')
016.207  000.152  000.152: require('mason-core.purl')
016.281  000.070  000.070: require('mason-core.async.control')
016.286  000.343  000.121: require('mason-core.package.AbstractPackage')
016.737  000.093  000.093: require('mason-core.installer.compiler.expr')
016.745  000.228  000.135: require('mason-core.installer.compiler.link')
017.148  000.037  000.037: require('mason-core.installer.context.InstallContextCwd')
017.206  000.057  000.057: require('mason-core.installer.context.InstallContextFs')
017.241  000.035  000.035: require('mason-core.installer.context.InstallContextSpawn')
017.317  000.074  000.074: require('mason-core.receipt')
017.339  000.381  000.178: require('mason-core.installer.context')
017.340  000.403  000.022: require('mason-core.installer')
017.370  000.555  000.151: require('mason-core.installer.managers.std')
017.372  000.625  000.071: require('mason-core.installer.compiler.schemas')
017.438  000.066  000.066: require('mason-core.installer.compiler.util')
017.449  001.044  000.125: require('mason-core.installer.compiler')
017.595  000.145  000.145: require('mason-core.installer.linker')
017.598  001.311  000.123: require('mason-core.installer.InstallRunner')
017.681  000.082  000.082: require('mason-core.installer.UninstallRunner')
017.687  001.903  000.167: require('mason-core.package')
017.696  002.025  000.073: require('mason-registry.sources.util')
017.708  002.545  000.100: require('mason-registry.sources.github')
017.964  000.085  000.085: require('mason-registry.sources.synthesized')
020.378  000.022  000.022: require('mason-lspconfig.notify')
020.401  000.177  000.155: require('mason-lspconfig.api.command')
020.810  000.340  000.340: require('vim.iter')
022.743  001.143  001.143: require('vim.diagnostic')
022.821  000.048  000.048: require('catppuccin.palettes')
022.855  000.032  000.032: require('catppuccin.palettes.macchiato')
022.888  010.641  003.588: require('configs.lsp')
023.043  000.154  000.154: require('nvim-treesitter.config')
024.258  000.016  000.016: require('nvim-autopairs._log')
024.351  000.092  000.092: require('nvim-autopairs.utils')
024.355  000.219  000.112: require('nvim-autopairs.conds')
024.358  000.292  000.072: require('nvim-autopairs.rule')
024.380  000.382  000.090: require('nvim-autopairs.rules.basic')
024.385  001.130  000.748: require('nvim-autopairs')
025.327  000.165  000.165: require('colorizer.color')
025.720  000.011  000.011: require('ffi')
025.819  000.207  000.196: require('colorizer.utils')
025.872  000.050  000.050: require('colorizer.parser.registry')
025.980  000.084  000.084: require('colorizer.parser.rgba_hex')
026.021  000.040  000.040: require('colorizer.parser.argb_hex')
026.077  000.055  000.055: require('colorizer.parser.hex_no_hash')
026.289  000.030  000.030: require('colorizer.constants')
026.291  000.214  000.184: require('colorizer.parser.xterm')
026.350  000.058  000.058: require('colorizer.parser.ls_colors')
026.424  000.073  000.073: require('colorizer.parser.rgb')
026.466  000.041  000.041: require('colorizer.parser.hsl')
026.697  000.183  000.183: require('colorizer.hsluv')
026.699  000.232  000.050: require('colorizer.parser.hsluv')
026.750  000.050  000.050: require('colorizer.parser.oklch')
026.806  000.055  000.055: require('colorizer.parser.hwb')
026.852  000.045  000.045: require('colorizer.parser.lab')
026.891  000.038  000.038: require('colorizer.parser.lch')
026.930  000.038  000.038: require('colorizer.parser.css_color')
027.217  000.156  000.156: require('colorizer.trie')
027.243  000.313  000.157: require('colorizer.parser.names')
027.386  000.142  000.142: require('colorizer.parser.sass')
027.428  000.041  000.041: require('colorizer.parser.xcolor')
027.454  000.026  000.026: require('colorizer.parser.css_var_rgb')
027.518  000.063  000.063: require('colorizer.parser.css_var')
027.519  001.646  000.037: require('colorizer.parser')
027.662  000.095  000.095: require('vim.hl')
027.742  002.413  000.414: require('colorizer.config')
027.916  000.173  000.173: require('colorizer.matcher')
027.982  000.066  000.066: require('colorizer.tailwind')
027.985  002.964  000.148: require('colorizer.buffer')
027.990  003.216  000.252: require('colorizer')
028.227  000.030  000.030: require('colorizer.usercmds')
028.634  000.017  000.017: require('flash')
028.748  000.110  000.110: require('flash.config')
028.917  000.021  000.021: require('flash.require')
028.922  000.099  000.079: require('flash.plugins.search')
029.072  000.138  000.138: require('flash.plugins.char')
029.103  000.029  000.029: require('flash.repeat')
029.201  000.645  000.251: require('configs/flash')
029.275  000.073  000.073: require('configs/commander')
030.449  000.998  000.998: require('mini.extra')
031.157  000.705  000.705: require('mini.git')
032.732  001.514  001.514: require('mini.icons')
033.669  000.889  000.889: require('mini.completion')
034.965  001.148  001.148: require('mini.diff')
036.383  001.292  001.292: require('mini.pick')
036.554  000.133  000.133: require('vim.ui')
036.567  001.521  000.096: require('configs.mini-pick')
037.612  000.065  000.065: require('vim.uri')
037.615  001.018  000.953: require('mini.files')
037.677  000.036  000.036: sourcing nvim_exec2() called at /home/rizki/.dotfiles/nvim/.config/nvim-next/init.lua:0
037.682  000.004  000.004: sourcing nvim_exec2() called at /home/rizki/.dotfiles/nvim/.config/nvim-next/init.lua:0
037.703  001.135  000.077: require('configs.mini-files')
038.378  000.637  000.637: require('mini.clue')
038.644  000.940  000.303: require('configs.mini-clue')
038.886  000.197  000.197: require('mini.statusline')
038.909  000.264  000.066: require('configs.mini-statusline')
038.910  035.263  003.100: sourcing /home/rizki/.config/nvim-next/init.lua
038.915  000.421: sourcing vimrc file(s)
039.078  000.006  000.006: sourcing /home/rizki/.local/share/nvim-next/site/pack/core/opt/vim-fugitive/ftdetect/fugitive.vim
039.120  000.109  000.103: sourcing nvim_exec2() called at /usr/share/nvim/runtime/filetype.lua:0
039.122  000.143  000.034: sourcing /usr/share/nvim/runtime/filetype.lua
039.250  000.045  000.045: sourcing /usr/share/nvim/runtime/syntax/synload.vim
039.298  000.144  000.100: sourcing /usr/share/nvim/runtime/syntax/syntax.vim
039.925  000.439  000.439: sourcing /home/rizki/.local/share/nvim-next/site/pack/core/opt/vim-fugitive/plugin/fugitive.vim
040.014  000.028  000.028: sourcing /home/rizki/.local/share/nvim-next/site/pack/core/opt/nvim-colorizer.lua/plugin/colorizer.lua
041.108  000.073  000.073: require('vim.treesitter.language')
041.139  000.030  000.030: require('vim.func')
041.225  000.084  000.084: require('vim.treesitter._range')
041.281  000.054  000.054: require('vim.func._memoize')
041.299  000.590  000.349: require('vim.treesitter.query')
041.309  000.996  000.406: require('vim.treesitter.languagetree')
041.312  001.163  000.167: require('vim.treesitter')
041.379  001.271  000.108: sourcing /home/rizki/.local/share/nvim-next/site/pack/core/opt/nvim-treesitter/plugin/filetypes.lua
041.447  000.047  000.047: sourcing /home/rizki/.local/share/nvim-next/site/pack/core/opt/nvim-treesitter/plugin/nvim-treesitter.lua
041.494  000.028  000.028: sourcing /home/rizki/.local/share/nvim-next/site/pack/core/opt/nvim-treesitter/plugin/query_predicates.lua
041.736  000.011  000.011: sourcing /usr/share/nvim/runtime/plugin/gzip.vim
041.754  000.007  000.007: sourcing /usr/share/nvim/runtime/plugin/matchit.vim
041.835  000.071  000.071: sourcing /usr/share/nvim/runtime/plugin/matchparen.vim
042.239  000.110  000.110: sourcing /usr/share/nvim/runtime/pack/dist/opt/netrw/plugin/netrwPlugin.vim
042.270  000.422  000.312: sourcing /usr/share/nvim/runtime/plugin/netrwPlugin.vim
042.353  000.068  000.068: sourcing /usr/share/nvim/runtime/plugin/rplugin.vim
042.374  000.006  000.006: sourcing /usr/share/nvim/runtime/plugin/tarPlugin.vim
042.397  000.009  000.009: sourcing /usr/share/nvim/runtime/plugin/tutor.vim
042.425  000.006  000.006: sourcing /usr/share/nvim/runtime/plugin/zipPlugin.vim
042.466  000.025  000.025: sourcing /usr/share/nvim/runtime/plugin/editorconfig.lua
042.509  000.031  000.031: sourcing /usr/share/nvim/runtime/plugin/man.lua
042.593  000.068  000.068: sourcing /usr/share/nvim/runtime/plugin/net.lua
042.654  000.046  000.046: sourcing /usr/share/nvim/runtime/plugin/osc52.lua
042.742  000.074  000.074: sourcing /usr/share/nvim/runtime/plugin/shada.lua
042.776  000.012  000.012: sourcing /usr/share/nvim/runtime/plugin/spellfile.lua
042.785  000.914: loading rtp plugins
042.875  000.091: loading packages
042.886  000.011: loading after plugins
042.892  000.006: inits 3
044.135  001.242: reading ShaDa
044.270  000.135: opening buffers
044.309  000.039: BufEnter autocommands
044.310  000.001: editing files in windows
044.331  000.021: VimEnter autocommands
044.342  000.011: UIEnter autocommands
044.583  000.182  000.182: sourcing /usr/share/nvim/runtime/autoload/provider/clipboard.vim
044.586  000.062: before starting main loop
044.935  000.155  000.155: require('editorconfig')
045.893  000.947  000.947: require('vim.filetype')
046.989  000.796  000.796: require('vim.filetype.detect')
047.228  000.744: first screen update
047.229  000.001: --- NVIM STARTED ---

